#
# A fatal error has been detected by the Java Runtime Environment:
#
#  SIGSEGV (0xb) at pc=0x9f82aa89, pid=14223, tid=3065371456
#
# JRE version: 7.0_25-b15
# Java VM: Java HotSpot(TM) Client VM (23.25-b01 mixed mode linux-x86 )
# Problematic frame:
# C  [libwx_gtk2u_core-3.0.so.0+0x1a9a89]  wxWindow::AddChildGTK(wxWindow*)+0x59
#
# Failed to write core dump. Core dumps have been disabled. To enable core dumping, try "ulimit -c unlimited" before starting Java again
#
# If you would like to submit a bug report, please visit:
#   http://bugreport.sun.com/bugreport/crash.jsp
# The crash happened outside the Java Virtual Machine in native code.
# See problematic frame for where to report the bug.
#

---------------  T H R E A D  ---------------

Current thread (0xb6a05400):  JavaThread "main" [_thread_in_native, id=14224, stack(0xb6b0d000,0xb6b5e000)]

siginfo:si_signo=SIGSEGV: si_errno=0, si_code=1 (SEGV_MAPERR), si_addr=0x0000004c

Registers:
EAX=0x00000000, EBX=0x9fbc6000, ECX=0x0000000a, EDX=0x0000000a
ESP=0xb6b5cba0, EBP=0x9f61f7c8, ESI=0x9820af50, EDI=0x00000020
EIP=0x9f82aa89, EFLAGS=0x00210282, CR2=0x0000004c

Top of Stack: (sp=0xb6b5cba0)
0xb6b5cba0:   00000000 9cfeaf98 9faa0ece 9fac0897
0xb6b5cbb0:   9faa0f3c 9820af50 b6b5cbd8 98cd542b
0xb6b5cbc0:   9cf99088 00080000 9f82aa39 9fbc6000
0xb6b5cbd0:   9cf99088 9820af50 9f61f7c8 9f82ef7b
0xb6b5cbe0:   9cf99088 9820af50 9faa0cc3 9fa9f17f
0xb6b5cbf0:   9fab8dc8 9fbc6000 9820af50 00000001
0xb6b5cc00:   9cfb46f8 b7730430 9f82ef29 9fbc6000
0xb6b5cc10:   9820af50 00000001 9cfb46f8 9f874a32 

Instructions: (pc=0x9f82aa89)
0x9f82aa69:   00 00 89 14 24 89 44 24 04 e8 99 6a f7 ff 8b 96
0x9f82aa79:   ec 00 00 00 8b 8e f0 00 00 00 8b be f8 00 00 00
0x9f82aa89:   03 50 4c 89 fd 03 48 50 8b be f4 00 00 00 89 96
0x9f82aa99:   ec 00 00 00 89 8e f0 00 00 00 8b b6 08 01 00 00 

Register to memory mapping:

EAX=0x00000000 is an unknown value
EBX=0x9fbc6000: <offset 0x545000> in /usr/lib/libwx_gtk2u_core-3.0.so.0 at 0x9f681000
ECX=0x0000000a is an unknown value
EDX=0x0000000a is an unknown value
ESP=0xb6b5cba0 is pointing into the stack for thread: 0xb6a05400
EBP=0x9f61f7c8: wxTheAssertHandler+0 in /usr/lib/libwx_baseu-3.0.so.0 at 0x9f3a4000
ESI=0x9820af50 is an unknown value
EDI=0x00000020 is an unknown value


Stack: [0xb6b0d000,0xb6b5e000],  sp=0xb6b5cba0,  free space=318k
Native frames: (J=compiled Java code, j=interpreted, Vv=VM code, C=native code)
C  [libwx_gtk2u_core-3.0.so.0+0x1a9a89]  wxWindow::AddChildGTK(wxWindow*)+0x59

Java frames: (J=compiled Java code, j=interpreted, Vv=VM code)
j  wx.JNI.wxbutton_moduleJNI.new_java_wxbutton(JLwx/JNI/java_wxpanel;ILjava/lang/String;IIIIILjava/lang/String;)J+0
j  wx.JNI.java_wxbutton.<init>(Lwx/JNI/java_wxpanel;ILjava/lang/String;IIIIILjava/lang/String;)V+20
j  wx.wxButton.<init>(Lwx/wxPanel;ILjava/lang/String;Ljava/awt/Point;Ljava/awt/Dimension;ILjava/lang/String;)V+32
j  myApp.onInit()Z+116
j  wx.wxApp.callOnInit()V+1
j  wx.wxApp.start([Ljava/lang/String;)V+7
j  wx.wxApp.launch([Ljava/lang/String;Lwx/wxApp;)V+2
j  myApp.main([Ljava/lang/String;)V+15
v  ~StubRoutines::call_stub

---------------  P R O C E S S  ---------------

Java Threads: ( => current thread )
  0xb6ac2000 JavaThread "Service Thread" daemon [_thread_blocked, id=14230, stack(0xa0026000,0xa0077000)]
  0xb6ac0000 JavaThread "C1 CompilerThread0" daemon [_thread_blocked, id=14229, stack(0xa032e000,0xa03af000)]
  0xb6abe800 JavaThread "Signal Dispatcher" daemon [_thread_blocked, id=14228, stack(0xa03af000,0xa0400000)]
  0xb6a82c00 JavaThread "Finalizer" daemon [_thread_blocked, id=14227, stack(0xa051d000,0xa056e000)]
  0xb6a81000 JavaThread "Reference Handler" daemon [_thread_blocked, id=14226, stack(0xa056e000,0xa05bf000)]
=>0xb6a05400 JavaThread "main" [_thread_in_native, id=14224, stack(0xb6b0d000,0xb6b5e000)]

Other Threads:
  0xb6a7b400 VMThread [stack: 0xa05bf000,0xa0640000] [id=14225]
  0xb6ac4400 WatcherThread [stack: 0x9ffa5000,0xa0026000] [id=14231]

VM state:not at safepoint (normal execution)

VM Mutex/Monitor currently owned by a thread: None

Heap
 def new generation   total 4928K, used 723K [0xa0960000, 0xa0eb0000, 0xa5eb0000)
  eden space 4416K,  16% used [0xa0960000, 0xa0a14ee0, 0xa0db0000)
  from space 512K,   0% used [0xa0db0000, 0xa0db0000, 0xa0e30000)
  to   space 512K,   0% used [0xa0e30000, 0xa0e30000, 0xa0eb0000)
 tenured generation   total 10944K, used 0K [0xa5eb0000, 0xa6960000, 0xb0960000)
   the space 10944K,   0% used [0xa5eb0000, 0xa5eb0000, 0xa5eb0200, 0xa6960000)
 compacting perm gen  total 12288K, used 1842K [0xb0960000, 0xb1560000, 0xb4960000)
   the space 12288K,  14% used [0xb0960000, 0xb0b2c998, 0xb0b2ca00, 0xb1560000)
No shared spaces configured.

Card table byte_map: [0xa08bf000,0xa0960000] byte_map_base: 0xa03ba500

Polling page: 0xb76e9000

Code Cache  [0xb49e0000, 0xb4a80000, 0xb69e0000)
 total_blobs=152 nmethods=16 adapters=72 free_code_cache=32136Kb largest_free_block=32907200

Compilation events (10 events):
Event: 0.447 Thread 0xb6ac0000   11   !         java.io.BufferedReader::readLine (304 bytes)
Event: 0.456 Thread 0xb6ac0000 nmethod 11 0xb4a77508 code [0xb4a777e0, 0xb4a78714]
Event: 0.457 Thread 0xb6ac0000   12             sun.nio.cs.UTF_8$Decoder::decodeArrayLoop (543 bytes)
Event: 0.468 Thread 0xb6ac0000 nmethod 12 0xb4a79448 code [0xb4a79950, 0xb4a7aa98]
Event: 0.474 Thread 0xb6ac0000   14             java.lang.String::startsWith (72 bytes)
Event: 0.475 Thread 0xb6ac0000 nmethod 14 0xb4a7d188 code [0xb4a7d290, 0xb4a7d3d0]
Event: 0.520 Thread 0xb6ac0000   15             java.lang.String::length (6 bytes)
Event: 0.520 Thread 0xb6ac0000 nmethod 15 0xb4a7d9c8 code [0xb4a7dac0, 0xb4a7db50]
Event: 0.547 Thread 0xb6ac0000   16             java.lang.Math::min (11 bytes)
Event: 0.548 Thread 0xb6ac0000 nmethod 16 0xb4a7dbc8 code [0xb4a7dcc0, 0xb4a7dd30]

GC Heap History (0 events):
No events

Deoptimization events (0 events):
No events

Internal exceptions (10 events):
Event: 0.507 Thread 0xb6a05400 Threw 0xa09f7d68 at /HUDSON/workspace/jdk7u25-2-build-linux-i586-product/jdk7u25/hotspot/src/share/vm/prims/jvm.cpp:1235
Event: 0.515 Thread 0xb6a05400 Threw 0xa09fa628 at /HUDSON/workspace/jdk7u25-2-build-linux-i586-product/jdk7u25/hotspot/src/share/vm/prims/jvm.cpp:1235
Event: 0.520 Thread 0xb6a05400 Threw 0xa09fbf00 at /HUDSON/workspace/jdk7u25-2-build-linux-i586-product/jdk7u25/hotspot/src/share/vm/prims/jvm.cpp:1235
Event: 0.530 Thread 0xb6a05400 Threw 0xa09fe8c0 at /HUDSON/workspace/jdk7u25-2-build-linux-i586-product/jdk7u25/hotspot/src/share/vm/prims/jvm.cpp:1235
Event: 0.532 Thread 0xb6a05400 Threw 0xa0a00320 at /HUDSON/workspace/jdk7u25-2-build-linux-i586-product/jdk7u25/hotspot/src/share/vm/prims/jvm.cpp:1235
Event: 0.536 Thread 0xb6a05400 Threw 0xa0a02528 at /HUDSON/workspace/jdk7u25-2-build-linux-i586-product/jdk7u25/hotspot/src/share/vm/prims/jvm.cpp:1235
Event: 0.547 Thread 0xb6a05400 Threw 0xa0a05670 at /HUDSON/workspace/jdk7u25-2-build-linux-i586-product/jdk7u25/hotspot/src/share/vm/prims/jvm.cpp:1235
Event: 0.555 Thread 0xb6a05400 Threw 0xa0a071c0 at /HUDSON/workspace/jdk7u25-2-build-linux-i586-product/jdk7u25/hotspot/src/share/vm/prims/jvm.cpp:1235
Event: 0.559 Thread 0xb6a05400 Threw 0xa0a090c8 at /HUDSON/workspace/jdk7u25-2-build-linux-i586-product/jdk7u25/hotspot/src/share/vm/prims/jvm.cpp:1235
Event: 0.569 Thread 0xb6a05400 Threw 0xa0a0c378 at /HUDSON/workspace/jdk7u25-2-build-linux-i586-product/jdk7u25/hotspot/src/share/vm/prims/jvm.cpp:1235

Events (10 events):
Event: 0.547 loading class 0x9cf74608
Event: 0.547 loading class 0x9cf74608 done
Event: 0.555 loading class 0xb6afa6d0
Event: 0.555 loading class 0xb6afa6d0 done
Event: 0.559 loading class 0x98208038
Event: 0.559 loading class 0x98208038 done
Event: 0.569 loading class 0x9820ac78
Event: 0.569 loading class 0x9820ac78 done
Event: 4.156 Executing VM operation: EnableBiasedLocking
Event: 4.156 Executing VM operation: EnableBiasedLocking done


Dynamic libraries:
08048000-08049000 r-xp 00000000 08:21 536270     /opt/java/bin/java
08049000-0804a000 rw-p 00000000 08:21 536270     /opt/java/bin/java
09008000-09029000 rw-p 00000000 00:00 0          [heap]
847b8000-84838000 rw-s 00000000 00:04 45121644   /SYSV00000000 (deleted)
84838000-84898000 rw-s 00000000 00:04 45088868   /SYSV00000000 (deleted)
84898000-84899000 ---p 00000000 00:00 0 
84899000-85099000 rwxp 00000000 00:00 0          [stack:14235]
85099000-8909a000 rw-s 00000000 00:11 115862     /dev/shm/pulse-shm-3184757038
8909a000-890af000 r-xp 00000000 08:21 1969486    /usr/lib/libnsl-2.19.so
890af000-890b0000 r--p 00015000 08:21 1969486    /usr/lib/libnsl-2.19.so
890b0000-890b1000 rw-p 00016000 08:21 1969486    /usr/lib/libnsl-2.19.so
890b1000-890b3000 rw-p 00000000 00:00 0 
890b3000-8912c000 r-xp 00000000 08:21 1992674    /usr/lib/libvorbisenc.so.2.0.10
8912c000-8913d000 r--p 00079000 08:21 1992674    /usr/lib/libvorbisenc.so.2.0.10
8913d000-8913e000 rw-p 0008a000 08:21 1992674    /usr/lib/libvorbisenc.so.2.0.10
8913e000-89172000 r-xp 00000000 08:21 1992678    /usr/lib/libFLAC.so.8.3.0
89172000-89173000 r--p 00034000 08:21 1992678    /usr/lib/libFLAC.so.8.3.0
89173000-89174000 rw-p 00035000 08:21 1992678    /usr/lib/libFLAC.so.8.3.0
89174000-891df000 r-xp 00000000 08:21 1992712    /usr/lib/libsndfile.so.1.0.25
891df000-891e1000 r--p 0006a000 08:21 1992712    /usr/lib/libsndfile.so.1.0.25
891e1000-891e2000 rw-p 0006c000 08:21 1992712    /usr/lib/libsndfile.so.1.0.25
891e2000-891e6000 rw-p 00000000 00:00 0 
891e6000-8925d000 r-xp 00000000 08:21 2629971    /usr/lib/pulseaudio/libpulsecommon-5.0.so
8925d000-8925e000 ---p 00077000 08:21 2629971    /usr/lib/pulseaudio/libpulsecommon-5.0.so
8925e000-8925f000 r--p 00077000 08:21 2629971    /usr/lib/pulseaudio/libpulsecommon-5.0.so
8925f000-89260000 rw-p 00078000 08:21 2629971    /usr/lib/pulseaudio/libpulsecommon-5.0.so
89260000-90030000 r--p 00000000 08:21 2523085    /usr/share/icons/hicolor/icon-theme.cache
90030000-96e00000 r--p 00000000 08:21 2523085    /usr/share/icons/hicolor/icon-theme.cache
96e00000-96fec000 rw-p 00000000 00:00 0 
96fec000-97000000 ---p 00000000 00:00 0 
97000000-97100000 rw-p 00000000 00:00 0 
9710b000-97137000 r-xp 00000000 08:21 1975222    /usr/lib/libsystemd-journal.so.0.11.5
97137000-97138000 r--p 0002b000 08:21 1975222    /usr/lib/libsystemd-journal.so.0.11.5
97138000-97139000 rw-p 0002c000 08:21 1975222    /usr/lib/libsystemd-journal.so.0.11.5
97139000-97188000 r-xp 00000000 08:21 1992729    /usr/lib/libpulse.so.0.17.3
97188000-97189000 r--p 0004e000 08:21 1992729    /usr/lib/libpulse.so.0.17.3
97189000-9718a000 rw-p 0004f000 08:21 1992729    /usr/lib/libpulse.so.0.17.3
971ce000-971fe000 r--p 00000000 08:21 2519653    /usr/share/fonts/TTF/DroidSans-Bold.ttf
971fe000-971ff000 ---p 00000000 00:00 0 
971ff000-979ff000 rwxp 00000000 00:00 0 
979ff000-97a00000 ---p 00000000 00:00 0 
97a00000-98200000 rwxp 00000000 00:00 0          [stack:14233]
98200000-98300000 rw-p 00000000 00:00 0 
9830d000-98312000 r-xp 00000000 08:21 1992653    /usr/lib/libasyncns.so.0.3.1
98312000-98313000 r--p 00004000 08:21 1992653    /usr/lib/libasyncns.so.0.3.1
98313000-98314000 rw-p 00005000 08:21 1992653    /usr/lib/libasyncns.so.0.3.1
98314000-9831d000 r-xp 00000000 08:21 2012861    /usr/lib/libjson-c.so.2.0.1
9831d000-9831e000 r--p 00008000 08:21 2012861    /usr/lib/libjson-c.so.2.0.1
9831e000-9831f000 rw-p 00009000 08:21 2012861    /usr/lib/libjson-c.so.2.0.1
9831f000-98344000 r--s 00000000 08:21 2622211    /usr/share/mime/mime.cache
98344000-98369000 r--s 00000000 08:21 2622211    /usr/share/mime/mime.cache
98369000-98398000 r--p 00000000 08:21 2519654    /usr/share/fonts/TTF/DroidSans.ttf
98398000-983ab000 r--s 00000000 08:21 1842844    /var/cache/fontconfig/8d4af663993b81a124ee82e610bb31f9-le32d4.cache-4
983ab000-983c5000 r--s 00000000 08:21 1841488    /var/cache/fontconfig/f6b893a7224233d96cb72fd88691c0b4-le32d4.cache-4
983c5000-983da000 r-xp 00000000 08:11 1101       /run/media/abhinav/Data HD 2/Abhinav/Projects/swxTK-java/build/natives/libwxbutton.so
983da000-983dc000 rw-p 00015000 08:11 1101       /run/media/abhinav/Data HD 2/Abhinav/Projects/swxTK-java/build/natives/libwxbutton.so
983dc000-983dd000 ---p 00000000 00:00 0 
983dd000-98bdd000 rwxp 00000000 00:00 0          [stack:14232]
98bdd000-98c10000 r-xp 00000000 08:21 2011090    /usr/lib/libbluray.so.1.5.0
98c10000-98c11000 r--p 00032000 08:21 2011090    /usr/lib/libbluray.so.1.5.0
98c11000-98c12000 rw-p 00033000 08:21 2011090    /usr/lib/libbluray.so.1.5.0
98c12000-98c45000 r-xp 00000000 08:21 2011092    /usr/lib/libgvfscommon.so.0.0.0
98c45000-98c47000 r--p 00033000 08:21 2011092    /usr/lib/libgvfscommon.so.0.0.0
98c47000-98c48000 rw-p 00035000 08:21 2011092    /usr/lib/libgvfscommon.so.0.0.0
98c48000-98ca2000 r-xp 00000000 08:21 2072016    /usr/lib/libibus-1.0.so.5.0.505
98ca2000-98ca3000 r--p 00059000 08:21 2072016    /usr/lib/libibus-1.0.so.5.0.505
98ca3000-98ca4000 rw-p 0005a000 08:21 2072016    /usr/lib/libibus-1.0.so.5.0.505
98ca7000-98cad000 r-xp 00000000 08:21 2765327    /usr/lib/libcanberra-0.30/libcanberra-pulse.so
98cad000-98cae000 r--p 00005000 08:21 2765327    /usr/lib/libcanberra-0.30/libcanberra-pulse.so
98cae000-98caf000 rw-p 00006000 08:21 2765327    /usr/lib/libcanberra-0.30/libcanberra-pulse.so
98caf000-98cb0000 r--s 00000000 08:21 4467131    /home/abhinav/.local/share/mime/mime.cache
98cb0000-98cb2000 r--s 00000000 08:21 1842845    /var/cache/fontconfig/9426a008fa2047862ca190817398c0d3-le32d4.cache-4
98cb2000-98cba000 r--s 00000000 08:21 1841489    /var/cache/fontconfig/d62e99ef547d1d24cdb1bd22ec1a2976-le32d4.cache-4
98cba000-98cc9000 r-xp 00000000 08:11 1120       /run/media/abhinav/Data HD 2/Abhinav/Projects/swxTK-java/build/natives/libwxdialog.so
98cc9000-98cca000 rw-p 0000f000 08:11 1120       /run/media/abhinav/Data HD 2/Abhinav/Projects/swxTK-java/build/natives/libwxdialog.so
98cca000-98cd8000 r-xp 00000000 08:11 1109       /run/media/abhinav/Data HD 2/Abhinav/Projects/swxTK-java/build/natives/libwxpanel.so
98cd8000-98cda000 rw-p 0000d000 08:11 1109       /run/media/abhinav/Data HD 2/Abhinav/Projects/swxTK-java/build/natives/libwxpanel.so
98cda000-98ce7000 r-xp 00000000 08:11 1104       /run/media/abhinav/Data HD 2/Abhinav/Projects/swxTK-java/build/natives/libwxwindow.so
98ce7000-98ce8000 rw-p 0000d000 08:11 1104       /run/media/abhinav/Data HD 2/Abhinav/Projects/swxTK-java/build/natives/libwxwindow.so
98ce8000-98ced000 r-xp 00000000 08:21 1988932    /usr/lib/libXtst.so.6.1.0
98ced000-98cee000 r--p 00004000 08:21 1988932    /usr/lib/libXtst.so.6.1.0
98cee000-98cef000 rw-p 00005000 08:21 1988932    /usr/lib/libXtst.so.6.1.0
98cef000-98cf0000 r--s 00000000 08:21 1844153    /var/cache/fontconfig/2cbfdae18b635249c3b80db595f4d8f0-le32d4.cache-4
98cf0000-98cf1000 r--s 00000000 08:21 1844146    /var/cache/fontconfig/f8aa32b531a43f7c5bdd7cb65be487ce-le32d4.cache-4
98cf1000-98cf2000 r--s 00000000 08:21 1844145    /var/cache/fontconfig/04e6febddc5a474cc90c0cdd4968de8a-le32d4.cache-4
98cf2000-98cf3000 r--s 00000000 08:21 1842858    /var/cache/fontconfig/6cbc3842be4e1cc07a4cb86bf80f9309-le32d4.cache-4
98cf3000-98cf4000 r--s 00000000 08:21 1842857    /var/cache/fontconfig/bc761b427017654ffbe9186c87039273-le32d4.cache-4
98cf4000-98cf5000 r--s 00000000 08:21 1214562    /home/abhinav/.cache/fontconfig/d63f3a5c0e24ab167e4683a8d5eceeb8-le32d4.cache-4
98cf5000-98cf7000 r-xp 00000000 08:21 1969467    /usr/lib/libutil-2.19.so
98cf7000-98cf8000 r--p 00001000 08:21 1969467    /usr/lib/libutil-2.19.so
98cf8000-98cf9000 rw-p 00002000 08:21 1969467    /usr/lib/libutil-2.19.so
98cf9000-98d29000 r-xp 00000000 08:21 2236810    /usr/lib/gio/modules/libgvfsdbus.so
98d29000-98d2a000 r--p 0002f000 08:21 2236810    /usr/lib/gio/modules/libgvfsdbus.so
98d2a000-98d2b000 rw-p 00030000 08:21 2236810    /usr/lib/gio/modules/libgvfsdbus.so
98d2b000-98d31000 r-xp 00000000 08:21 2899085    /usr/lib/gtk-2.0/2.10.0/immodules/im-ibus.so
98d31000-98d32000 r--p 00005000 08:21 2899085    /usr/lib/gtk-2.0/2.10.0/immodules/im-ibus.so
98d32000-98d33000 rw-p 00006000 08:21 2899085    /usr/lib/gtk-2.0/2.10.0/immodules/im-ibus.so
98d33000-98d7c000 r-xp 00000000 08:21 539216     /opt/java/jre/lib/i386/xawt/libmawt.so
98d7c000-98d7e000 rw-p 00049000 08:21 539216     /opt/java/jre/lib/i386/xawt/libmawt.so
98d7e000-98d7f000 rw-p 00000000 00:00 0 
98d7f000-98e06000 r-xp 00000000 08:21 539205     /opt/java/jre/lib/i386/libawt.so
98e06000-98e0d000 rw-p 00086000 08:21 539205     /opt/java/jre/lib/i386/libawt.so
98e0d000-98e31000 rw-p 00000000 00:00 0 
98e31000-98e3f000 r-xp 00000000 08:11 1113       /run/media/abhinav/Data HD 2/Abhinav/Projects/swxTK-java/build/natives/libwxframe.so
98e3f000-98e40000 rw-p 0000e000 08:11 1113       /run/media/abhinav/Data HD 2/Abhinav/Projects/swxTK-java/build/natives/libwxframe.so
98e40000-98e46000 r-xp 00000000 08:21 2056961    /usr/lib/libogg.so.0.8.1
98e46000-98e47000 r--p 00005000 08:21 2056961    /usr/lib/libogg.so.0.8.1
98e47000-98e48000 rw-p 00006000 08:21 2056961    /usr/lib/libogg.so.0.8.1
98e48000-98e72000 r-xp 00000000 08:21 1992672    /usr/lib/libvorbis.so.0.4.7
98e72000-98e73000 r--p 00029000 08:21 1992672    /usr/lib/libvorbis.so.0.4.7
98e73000-98e74000 rw-p 0002a000 08:21 1992672    /usr/lib/libvorbis.so.0.4.7
98e74000-98e7d000 r-xp 00000000 08:21 1984801    /usr/lib/libltdl.so.7.3.0
98e7d000-98e7e000 r--p 00008000 08:21 1984801    /usr/lib/libltdl.so.7.3.0
98e7e000-98e7f000 rw-p 00009000 08:21 1984801    /usr/lib/libltdl.so.7.3.0
98e7f000-98e81000 r--s 00000000 08:21 1835754    /var/cache/fontconfig/452f1fac34b224105d7acfae3034bcd5-le32d4.cache-4
98e81000-98e82000 r--s 00000000 08:21 1841490    /var/cache/fontconfig/6ba42ae0000f58711b5caaf10d690066-le32d4.cache-4
98e82000-98e8c000 r--s 00371000 08:21 538640     /opt/java/jre/lib/charsets.jar
98e8c000-98ec1000 r-xp 00000000 08:21 2899151    /usr/lib/gtk-2.0/2.10.0/engines/libmurrine.so
98ec1000-98ec2000 r--p 00034000 08:21 2899151    /usr/lib/gtk-2.0/2.10.0/engines/libmurrine.so
98ec2000-98ec3000 rw-p 00035000 08:21 2899151    /usr/lib/gtk-2.0/2.10.0/engines/libmurrine.so
98ec3000-98f27000 rw-p 00000000 00:00 0 
98f27000-98f2c000 r-xp 00000000 08:21 1985057    /usr/lib/libXdmcp.so.6.0.0
98f2c000-98f2d000 r--p 00004000 08:21 1985057    /usr/lib/libXdmcp.so.6.0.0
98f2d000-98f2e000 rw-p 00005000 08:21 1985057    /usr/lib/libXdmcp.so.6.0.0
98f2e000-98f30000 r-xp 00000000 08:21 1985061    /usr/lib/libXau.so.6.0.0
98f30000-98f31000 r--p 00001000 08:21 1985061    /usr/lib/libXau.so.6.0.0
98f31000-98f32000 rw-p 00002000 08:21 1985061    /usr/lib/libXau.so.6.0.0
98f32000-98f42000 r-xp 00000000 08:21 1972394    /usr/lib/libbz2.so.1.0.6
98f42000-98f43000 rw-p 00010000 08:21 1972394    /usr/lib/libbz2.so.1.0.6
98f43000-98f4f000 r-xp 00000000 08:21 1985004    /usr/lib/libdrm.so.2.4.0
98f4f000-98f50000 r--p 0000b000 08:21 1985004    /usr/lib/libdrm.so.2.4.0
98f50000-98f51000 rw-p 0000c000 08:21 1985004    /usr/lib/libdrm.so.2.4.0
98f51000-98f5f000 r-xp 00000000 08:21 1975208    /usr/lib/libudev.so.1.4.0
98f5f000-98f60000 ---p 0000e000 08:21 1975208    /usr/lib/libudev.so.1.4.0
98f60000-98f61000 r--p 0000e000 08:21 1975208    /usr/lib/libudev.so.1.4.0
98f61000-98f62000 rw-p 0000f000 08:21 1975208    /usr/lib/libudev.so.1.4.0
98f62000-98f72000 r-xp 00000000 08:21 1988151    /usr/lib/libglapi.so.0.0.0
98f72000-98f74000 r--p 0000f000 08:21 1988151    /usr/lib/libglapi.so.0.0.0
98f74000-98f79000 rwxp 00011000 08:21 1988151    /usr/lib/libglapi.so.0.0.0
98f79000-98f7a000 rwxp 00000000 00:00 0 
98f7a000-98f87000 r-xp 00000000 08:21 1985048    /usr/lib/libwayland-server.so.0.1.0
98f87000-98f88000 r--p 0000d000 08:21 1985048    /usr/lib/libwayland-server.so.0.1.0
98f88000-98f89000 rw-p 0000e000 08:21 1985048    /usr/lib/libwayland-server.so.0.1.0
98f89000-98f93000 r-xp 00000000 08:21 1985049    /usr/lib/libwayland-client.so.0.2.0
98f93000-98f94000 r--p 00009000 08:21 1985049    /usr/lib/libwayland-client.so.0.2.0
98f94000-98f95000 rw-p 0000a000 08:21 1985049    /usr/lib/libwayland-client.so.0.2.0
98f95000-98f9b000 r-xp 00000000 08:21 1971649    /usr/lib/libgbm.so.1.0.0
98f9b000-98f9c000 r--p 00005000 08:21 1971649    /usr/lib/libgbm.so.1.0.0
98f9c000-98f9d000 rw-p 00006000 08:21 1971649    /usr/lib/libgbm.so.1.0.0
98f9d000-98f9f000 r-xp 00000000 08:21 2076092    /usr/lib/libxcb-shape.so.0.0.0
98f9f000-98fa0000 r--p 00002000 08:21 2076092    /usr/lib/libxcb-shape.so.0.0.0
98fa0000-98fa1000 rw-p 00003000 08:21 2076092    /usr/lib/libxcb-shape.so.0.0.0
98fa1000-98fa7000 r-xp 00000000 08:21 2076074    /usr/lib/libxcb-xfixes.so.0.0.0
98fa7000-98fa8000 r--p 00005000 08:21 2076074    /usr/lib/libxcb-xfixes.so.0.0.0
98fa8000-98fa9000 rw-p 00006000 08:21 2076074    /usr/lib/libxcb-xfixes.so.0.0.0
98fa9000-98fad000 r-xp 00000000 08:21 2076107    /usr/lib/libxcb-dri2.so.0.0.0
98fad000-98fae000 r--p 00003000 08:21 2076107    /usr/lib/libxcb-dri2.so.0.0.0
98fae000-98faf000 rw-p 00004000 08:21 2076107    /usr/lib/libxcb-dri2.so.0.0.0
98faf000-98fb0000 r-xp 00000000 08:21 1987215    /usr/lib/libX11-xcb.so.1.0.0
98fb0000-98fb1000 r--p 00000000 08:21 1987215    /usr/lib/libX11-xcb.so.1.0.0
98fb1000-98fb2000 rw-p 00001000 08:21 1987215    /usr/lib/libX11-xcb.so.1.0.0
98fb2000-99b60000 r-xp 00000000 08:21 1972235    /usr/lib/libGLcore.so.173.14.39
99b60000-99ced000 rwxp 00bae000 08:21 1972235    /usr/lib/libGLcore.so.173.14.39
99ced000-99cf2000 rwxp 00000000 00:00 0 
99cf2000-99cf5000 r-xp 00000000 08:21 1973554    /usr/lib/libgpg-error.so.0.10.0
99cf5000-99cf6000 r--p 00003000 08:21 1973554    /usr/lib/libgpg-error.so.0.10.0
99cf6000-99cf7000 rw-p 00004000 08:21 1973554    /usr/lib/libgpg-error.so.0.10.0
99cf7000-99d96000 r-xp 00000000 08:21 1984956    /usr/lib/libgcrypt.so.20.0.1
99d96000-99d97000 ---p 0009f000 08:21 1984956    /usr/lib/libgcrypt.so.20.0.1
99d97000-99d98000 r--p 0009f000 08:21 1984956    /usr/lib/libgcrypt.so.20.0.1
99d98000-99d9b000 rw-p 000a0000 08:21 1984956    /usr/lib/libgcrypt.so.20.0.1
99d9b000-99e27000 r-xp 00000000 08:21 1992767    /usr/lib/liborc-0.4.so.0.18.0
99e27000-99e28000 r--p 0008c000 08:21 1992767    /usr/lib/liborc-0.4.so.0.18.0
99e28000-99e2c000 rw-p 0008d000 08:21 1992767    /usr/lib/liborc-0.4.so.0.18.0
99e2c000-99e62000 r-xp 00000000 08:21 1998325    /usr/lib/libgsttag-1.0.so.0.203.0
99e62000-99e63000 r--p 00035000 08:21 1998325    /usr/lib/libgsttag-1.0.so.0.203.0
99e63000-99e64000 rw-p 00036000 08:21 1998325    /usr/lib/libgsttag-1.0.so.0.203.0
99e64000-99eae000 r-xp 00000000 08:21 1984947    /usr/lib/libdbus-1.so.3.8.3
99eae000-99eaf000 r--p 00049000 08:21 1984947    /usr/lib/libdbus-1.so.3.8.3
99eaf000-99eb0000 rw-p 0004a000 08:21 1984947    /usr/lib/libdbus-1.so.3.8.3
99eb0000-99ed5000 r-xp 00000000 08:21 1991330    /usr/lib/libdbus-glib-1.so.2.2.2
99ed5000-99ed6000 r--p 00024000 08:21 1991330    /usr/lib/libdbus-glib-1.so.2.2.2
99ed6000-99ed7000 rw-p 00025000 08:21 1991330    /usr/lib/libdbus-glib-1.so.2.2.2
99ed7000-99ef3000 r-xp 00000000 08:21 1993014    /usr/lib/libgraphite2.so.3.0.1
99ef3000-99ef4000 r--p 0001c000 08:21 1993014    /usr/lib/libgraphite2.so.3.0.1
99ef4000-99ef5000 rw-p 0001d000 08:21 1993014    /usr/lib/libgraphite2.so.3.0.1
99ef5000-9b560000 r--p 00000000 08:21 1990863    /usr/lib/libicudata.so.52.1
9b560000-9b561000 r--p 0166a000 08:21 1990863    /usr/lib/libicudata.so.52.1
9b561000-9b574000 r-xp 00000000 08:21 1969455    /usr/lib/libresolv-2.19.so
9b574000-9b575000 ---p 00013000 08:21 1969455    /usr/lib/libresolv-2.19.so
9b575000-9b576000 r--p 00013000 08:21 1969455    /usr/lib/libresolv-2.19.so
9b576000-9b577000 rw-p 00014000 08:21 1969455    /usr/lib/libresolv-2.19.so
9b577000-9b579000 rw-p 00000000 00:00 0 
9b579000-9b59e000 r-xp 00000000 08:21 1974741    /usr/lib/liblzma.so.5.0.5
9b59e000-9b59f000 r--p 00024000 08:21 1974741    /usr/lib/liblzma.so.5.0.5
9b59f000-9b5a0000 rw-p 00025000 08:21 1974741    /usr/lib/liblzma.so.5.0.5
9b5a0000-9b5a4000 r-xp 00000000 08:21 1974128    /usr/lib/libuuid.so.1.3.0
9b5a4000-9b5a5000 r--p 00003000 08:21 1974128    /usr/lib/libuuid.so.1.3.0
9b5a5000-9b5a6000 rw-p 00004000 08:21 1974128    /usr/lib/libuuid.so.1.3.0
9b5a6000-9b5bc000 r-xp 00000000 08:21 1988494    /usr/lib/libICE.so.6.3.0
9b5bc000-9b5bd000 r--p 00015000 08:21 1988494    /usr/lib/libICE.so.6.3.0
9b5bd000-9b5be000 rw-p 00016000 08:21 1988494    /usr/lib/libICE.so.6.3.0
9b5be000-9b5c0000 rw-p 00000000 00:00 0 
9b5c0000-9b5c9000 r-xp 00000000 08:21 2076077    /usr/lib/libxcb-render.so.0.0.0
9b5c9000-9b5ca000 r--p 00008000 08:21 2076077    /usr/lib/libxcb-render.so.0.0.0
9b5ca000-9b5cb000 rw-p 00009000 08:21 2076077    /usr/lib/libxcb-render.so.0.0.0
9b5cb000-9b5cd000 r-xp 00000000 08:21 2076104    /usr/lib/libxcb-shm.so.0.0.0
9b5cd000-9b5ce000 r--p 00001000 08:21 2076104    /usr/lib/libxcb-shm.so.0.0.0
9b5ce000-9b5cf000 rw-p 00002000 08:21 2076104    /usr/lib/libxcb-shm.so.0.0.0
9b5cf000-9b676000 r-xp 00000000 08:21 1988207    /usr/lib/libpixman-1.so.0.32.4
9b676000-9b67b000 r--p 000a7000 08:21 1988207    /usr/lib/libpixman-1.so.0.32.4
9b67b000-9b67c000 rw-p 000ac000 08:21 1988207    /usr/lib/libpixman-1.so.0.32.4
9b67c000-9b69d000 r-xp 00000000 08:21 2076095    /usr/lib/libxcb.so.1.1.0
9b69d000-9b69e000 r--p 00020000 08:21 2076095    /usr/lib/libxcb.so.1.1.0
9b69e000-9b69f000 rw-p 00021000 08:21 2076095    /usr/lib/libxcb.so.1.1.0
9b69f000-9b6b0000 r-xp 00000000 08:21 1988103    /usr/lib/libXext.so.6.4.0
9b6b0000-9b6b1000 r--p 00010000 08:21 1988103    /usr/lib/libXext.so.6.4.0
9b6b1000-9b6b2000 rw-p 00011000 08:21 1988103    /usr/lib/libXext.so.6.4.0
9b6b2000-9b6bb000 r-xp 00000000 08:21 1992648    /usr/lib/libXcursor.so.1.0.2
9b6bb000-9b6bc000 r--p 00009000 08:21 1992648    /usr/lib/libXcursor.so.1.0.2
9b6bc000-9b6bd000 rw-p 0000a000 08:21 1992648    /usr/lib/libXcursor.so.1.0.2
9b6bd000-9b6c6000 r-xp 00000000 08:21 1989139    /usr/lib/libXrandr.so.2.2.0
9b6c6000-9b6c7000 r--p 00008000 08:21 1989139    /usr/lib/libXrandr.so.2.2.0
9b6c7000-9b6c8000 rw-p 00009000 08:21 1989139    /usr/lib/libXrandr.so.2.2.0
9b6c8000-9b6d7000 r-xp 00000000 08:21 1988917    /usr/lib/libXi.so.6.1.0
9b6d7000-9b6d8000 r--p 0000e000 08:21 1988917    /usr/lib/libXi.so.6.1.0
9b6d8000-9b6d9000 rw-p 0000f000 08:21 1988917    /usr/lib/libXi.so.6.1.0
9b6d9000-9b6db000 r-xp 00000000 08:21 1995586    /usr/lib/libXinerama.so.1.0.0
9b6db000-9b6dc000 r--p 00001000 08:21 1995586    /usr/lib/libXinerama.so.1.0.0
9b6dc000-9b6dd000 rw-p 00002000 08:21 1995586    /usr/lib/libXinerama.so.1.0.0
9b6dd000-9b736000 r-xp 00000000 08:21 1988772    /usr/lib/libXt.so.6.0.0
9b736000-9b737000 r--p 00058000 08:21 1988772    /usr/lib/libXt.so.6.0.0
9b737000-9b73a000 rw-p 00059000 08:21 1988772    /usr/lib/libXt.so.6.0.0
9b73a000-9b743000 r-xp 00000000 08:21 1988791    /usr/lib/libXrender.so.1.3.0
9b743000-9b744000 r--p 00008000 08:21 1988791    /usr/lib/libXrender.so.1.3.0
9b744000-9b745000 rw-p 00009000 08:21 1988791    /usr/lib/libXrender.so.1.3.0
9b745000-9b747000 r-xp 00000000 08:21 1988143    /usr/lib/libXdamage.so.1.1.0
9b747000-9b748000 r--p 00001000 08:21 1988143    /usr/lib/libXdamage.so.1.1.0
9b748000-9b749000 rw-p 00002000 08:21 1988143    /usr/lib/libXdamage.so.1.1.0
9b749000-9b74b000 r-xp 00000000 08:21 1995583    /usr/lib/libXcomposite.so.1.0.0
9b74b000-9b74c000 r--p 00001000 08:21 1995583    /usr/lib/libXcomposite.so.1.0.0
9b74c000-9b74d000 rw-p 00002000 08:21 1995583    /usr/lib/libXcomposite.so.1.0.0
9b74d000-9b79b000 r-xp 00000000 08:21 2009623    /usr/lib/libwebp.so.5.0.0
9b79b000-9b79c000 r--p 0004e000 08:21 2009623    /usr/lib/libwebp.so.5.0.0
9b79c000-9b79d000 rw-p 0004f000 08:21 2009623    /usr/lib/libwebp.so.5.0.0
9b79d000-9b79f000 rw-p 00000000 00:00 0 
9b79f000-9b901000 r-xp 00000000 08:21 1990862    /usr/lib/libicuuc.so.52.1
9b901000-9b90b000 r--p 00161000 08:21 1990862    /usr/lib/libicuuc.so.52.1
9b90b000-9b90c000 rw-p 0016b000 08:21 1990862    /usr/lib/libicuuc.so.52.1
9b90c000-9b910000 rw-p 00000000 00:00 0 
9b910000-9bb15000 r-xp 00000000 08:21 1990856    /usr/lib/libicui18n.so.52.1
9bb15000-9bb16000 ---p 00205000 08:21 1990856    /usr/lib/libicui18n.so.52.1
9bb16000-9bb1d000 r--p 00205000 08:21 1990856    /usr/lib/libicui18n.so.52.1
9bb1d000-9bb1e000 rw-p 0020c000 08:21 1990856    /usr/lib/libicui18n.so.52.1
9bb1e000-9bb1f000 rw-p 00000000 00:00 0 
9bb1f000-9bbd9000 r-xp 00000000 08:21 2005603    /usr/lib/libsqlite3.so.0.8.6
9bbd9000-9bbdb000 r--p 000b9000 08:21 2005603    /usr/lib/libsqlite3.so.0.8.6
9bbdb000-9bbdd000 rw-p 000bb000 08:21 2005603    /usr/lib/libsqlite3.so.0.8.6
9bbdd000-9bc79000 r-xp 00000000 08:21 2074099    /usr/lib/libfreetype.so.6.11.1
9bc79000-9bc7d000 r--p 0009b000 08:21 2074099    /usr/lib/libfreetype.so.6.11.1
9bc7d000-9bc7e000 rw-p 0009f000 08:21 2074099    /usr/lib/libfreetype.so.6.11.1
9bc7e000-9bc9f000 r-xp 00000000 08:21 1988158    /usr/lib/libEGL.so.1.0.0
9bc9f000-9bca0000 r--p 00021000 08:21 1988158    /usr/lib/libEGL.so.1.0.0
9bca0000-9bca1000 rw-p 00022000 08:21 1988158    /usr/lib/libEGL.so.1.0.0
9bca1000-9bd29000 r-xp 00000000 08:21 1969473    /usr/lib/libGL.so.173.14.39
9bd29000-9bd44000 rwxp 00088000 08:21 1969473    /usr/lib/libGL.so.173.14.39
9bd44000-9bd45000 rwxp 00000000 00:00 0 
9bd45000-9be98000 r-xp 00000000 08:21 1972323    /usr/lib/libxml2.so.2.9.1
9be98000-9be99000 ---p 00153000 08:21 1972323    /usr/lib/libxml2.so.2.9.1
9be99000-9be9d000 r--p 00153000 08:21 1972323    /usr/lib/libxml2.so.2.9.1
9be9d000-9be9e000 rw-p 00157000 08:21 1972323    /usr/lib/libxml2.so.2.9.1
9be9e000-9be9f000 rw-p 00000000 00:00 0 
9be9f000-9bedb000 r-xp 00000000 08:21 1991011    /usr/lib/libxslt.so.1.1.28
9bedb000-9bedc000 r--p 0003b000 08:21 1991011    /usr/lib/libxslt.so.1.1.28
9bedc000-9bedd000 rw-p 0003c000 08:21 1991011    /usr/lib/libxslt.so.1.1.28
9bedd000-9bf6d000 r-xp 00000000 08:21 2063400    /usr/lib/libsoup-2.4.so.1.7.0
9bf6d000-9bf6f000 r--p 0008f000 08:21 2063400    /usr/lib/libsoup-2.4.so.1.7.0
9bf6f000-9bf7c000 rw-p 00091000 08:21 2063400    /usr/lib/libsoup-2.4.so.1.7.0
9bf7c000-9bfc7000 r-xp 00000000 08:21 2064313    /usr/lib/libsecret-1.so.0.0.0
9bfc7000-9bfc9000 r--p 0004a000 08:21 2064313    /usr/lib/libsecret-1.so.0.0.0
9bfc9000-9bfca000 rw-p 0004c000 08:21 2064313    /usr/lib/libsecret-1.so.0.0.0
9bfca000-9c0c7000 r-xp 00000000 08:21 1998253    /usr/lib/libgstreamer-1.0.so.0.203.0
9c0c7000-9c0ca000 r--p 000fc000 08:21 1998253    /usr/lib/libgstreamer-1.0.so.0.203.0
9c0ca000-9c0cb000 rw-p 000ff000 08:21 1998253    /usr/lib/libgstreamer-1.0.so.0.203.0
9c0cb000-9c0cc000 rw-p 00000000 00:00 0 
9c0cc000-9c12d000 r-xp 00000000 08:21 1998254    /usr/lib/libgstbase-1.0.so.0.203.0
9c12d000-9c12e000 r--p 00061000 08:21 1998254    /usr/lib/libgstbase-1.0.so.0.203.0
9c12e000-9c12f000 rw-p 00062000 08:21 1998254    /usr/lib/libgstbase-1.0.so.0.203.0
9c12f000-9c172000 r-xp 00000000 08:21 1998330    /usr/lib/libgstvideo-1.0.so.0.203.0
9c172000-9c173000 r--p 00043000 08:21 1998330    /usr/lib/libgstvideo-1.0.so.0.203.0
9c173000-9c176000 rw-p 00044000 08:21 1998330    /usr/lib/libgstvideo-1.0.so.0.203.0
9c176000-9c198000 r-xp 00000000 08:21 1998332    /usr/lib/libgstpbutils-1.0.so.0.203.0
9c198000-9c199000 ---p 00022000 08:21 1998332    /usr/lib/libgstpbutils-1.0.so.0.203.0
9c199000-9c19a000 r--p 00022000 08:21 1998332    /usr/lib/libgstpbutils-1.0.so.0.203.0
9c19a000-9c19b000 rw-p 00023000 08:21 1998332    /usr/lib/libgstpbutils-1.0.so.0.203.0
9c19b000-9c1a5000 r-xp 00000000 08:21 1998326    /usr/lib/libgstfft-1.0.so.0.203.0
9c1a5000-9c1a6000 r--p 00009000 08:21 1998326    /usr/lib/libgstfft-1.0.so.0.203.0
9c1a6000-9c1a7000 rw-p 0000a000 08:21 1998326    /usr/lib/libgstfft-1.0.so.0.203.0
9c1a7000-9c1f6000 r-xp 00000000 08:21 1998331    /usr/lib/libgstaudio-1.0.so.0.203.0
9c1f6000-9c1f7000 r--p 0004e000 08:21 1998331    /usr/lib/libgstaudio-1.0.so.0.203.0
9c1f7000-9c1f8000 rw-p 0004f000 08:21 1998331    /usr/lib/libgstaudio-1.0.so.0.203.0
9c1f8000-9c203000 r-xp 00000000 08:21 1998334    /usr/lib/libgstapp-1.0.so.0.203.0
9c203000-9c204000 r--p 0000b000 08:21 1998334    /usr/lib/libgstapp-1.0.so.0.203.0
9c204000-9c205000 rw-p 0000c000 08:21 1998334    /usr/lib/libgstapp-1.0.so.0.203.0
9c205000-9c218000 r-xp 00000000 08:21 2007275    /usr/lib/libgeoclue.so.0.0.0
9c218000-9c219000 r--p 00012000 08:21 2007275    /usr/lib/libgeoclue.so.0.0.0
9c219000-9c21a000 rw-p 00013000 08:21 2007275    /usr/lib/libgeoclue.so.0.0.0
9c21a000-9c26f000 r-xp 00000000 08:21 2054068    /usr/lib/libharfbuzz.so.0.926.0
9c26f000-9c270000 r--p 00054000 08:21 2054068    /usr/lib/libharfbuzz.so.0.926.0
9c270000-9c271000 rw-p 00055000 08:21 2054068    /usr/lib/libharfbuzz.so.0.926.0
9c271000-9c27b000 r-xp 00000000 08:21 1991371    /usr/lib/libenchant.so.1.6.0
9c27b000-9c27c000 r--p 00009000 08:21 1991371    /usr/lib/libenchant.so.1.6.0
9c27c000-9c27d000 rw-p 0000a000 08:21 1991371    /usr/lib/libenchant.so.1.6.0
9c27d000-9c83b000 r-xp 00000000 08:21 2074465    /usr/lib/libjavascriptcoregtk-1.0.so.0.15.10
9c83b000-9c844000 r--p 005be000 08:21 2074465    /usr/lib/libjavascriptcoregtk-1.0.so.0.15.10
9c844000-9c84a000 rw-p 005c7000 08:21 2074465    /usr/lib/libjavascriptcoregtk-1.0.so.0.15.10
9c84a000-9c85c000 rw-p 00000000 00:00 0 
9c85c000-9c861000 r-xp 00000000 08:21 1974528    /usr/lib/libffi.so.6.0.1
9c861000-9c862000 r--p 00005000 08:21 1974528    /usr/lib/libffi.so.6.0.1
9c862000-9c863000 rw-p 00006000 08:21 1974528    /usr/lib/libffi.so.6.0.1
9c863000-9c8cc000 r-xp 00000000 08:21 1974508    /usr/lib/libpcre.so.1.2.2
9c8cc000-9c8cd000 r--p 00068000 08:21 1974508    /usr/lib/libpcre.so.1.2.2
9c8cd000-9c8ce000 rw-p 00069000 08:21 1974508    /usr/lib/libpcre.so.1.2.2
9c8ce000-9c907000 r-xp 00000000 08:21 2008460    /usr/lib/libfontconfig.so.1.8.0
9c907000-9c908000 r--p 00039000 08:21 2008460    /usr/lib/libfontconfig.so.1.8.0
9c908000-9c909000 rw-p 0003a000 08:21 2008460    /usr/lib/libfontconfig.so.1.8.0
9c909000-9c91d000 r-xp 00000000 08:21 1993042    /usr/lib/libpangoft2-1.0.so.0.3600.2
9c91d000-9c91e000 r--p 00013000 08:21 1993042    /usr/lib/libpangoft2-1.0.so.0.3600.2
9c91e000-9c91f000 rw-p 00014000 08:21 1993042    /usr/lib/libpangoft2-1.0.so.0.3600.2
9c91f000-9ca89000 r-xp 00000000 08:21 1974644    /usr/lib/libgio-2.0.so.0.3800.2
9ca89000-9ca8a000 ---p 0016a000 08:21 1974644    /usr/lib/libgio-2.0.so.0.3800.2
9ca8a000-9ca8c000 r--p 0016a000 08:21 1974644    /usr/lib/libgio-2.0.so.0.3800.2
9ca8c000-9ca8d000 rw-p 0016c000 08:21 1974644    /usr/lib/libgio-2.0.so.0.3800.2
9ca8d000-9ca8e000 rw-p 00000000 00:00 0 
9ca8e000-9caad000 r-xp 00000000 08:21 1971729    /usr/lib/libatk-1.0.so.0.21009.1
9caad000-9caaf000 r--p 0001e000 08:21 1971729    /usr/lib/libatk-1.0.so.0.21009.1
9caaf000-9cab0000 rw-p 00020000 08:21 1971729    /usr/lib/libatk-1.0.so.0.21009.1
9cab0000-9cad6000 r-xp 00000000 08:21 1974257    /usr/lib/libexpat.so.1.6.0
9cad6000-9cad8000 r--p 00025000 08:21 1974257    /usr/lib/libexpat.so.1.6.0
9cad8000-9cad9000 rw-p 00027000 08:21 1974257    /usr/lib/libexpat.so.1.6.0
9cad9000-9cb48000 r-xp 00000000 08:21 1989093    /usr/lib/libtiff.so.5.2.0
9cb48000-9cb49000 ---p 0006f000 08:21 1989093    /usr/lib/libtiff.so.5.2.0
9cb49000-9cb4a000 r--p 0006f000 08:21 1989093    /usr/lib/libtiff.so.5.2.0
9cb4a000-9cb4d000 rw-p 00070000 08:21 1989093    /usr/lib/libtiff.so.5.2.0
9cb4d000-9cb96000 r-xp 00000000 08:21 1988978    /usr/lib/libjpeg.so.8.0.2
9cb96000-9cb97000 r--p 00048000 08:21 1988978    /usr/lib/libjpeg.so.8.0.2
9cb97000-9cb98000 rw-p 00049000 08:21 1988978    /usr/lib/libjpeg.so.8.0.2
9cb98000-9cba8000 rw-p 00000000 00:00 0 
9cba8000-9cbdf000 r-xp 00000000 08:21 1989100    /usr/lib/libpng16.so.16.9.0
9cbdf000-9cbe0000 r--p 00036000 08:21 1989100    /usr/lib/libpng16.so.16.9.0
9cbe0000-9cbe1000 rw-p 00037000 08:21 1989100    /usr/lib/libpng16.so.16.9.0
9cbe1000-9cd16000 r-xp 00000000 08:21 1992976    /usr/lib/libcairo.so.2.11200.16
9cd16000-9cd18000 r--p 00135000 08:21 1992976    /usr/lib/libcairo.so.2.11200.16
9cd18000-9cd19000 rw-p 00137000 08:21 1992976    /usr/lib/libcairo.so.2.11200.16
9cd19000-9cd1a000 rw-p 00000000 00:00 0 
9cd1a000-9ce4d000 r-xp 00000000 08:21 1987217    /usr/lib/libX11.so.6.3.0
9ce4d000-9ce4e000 r--p 00132000 08:21 1987217    /usr/lib/libX11.so.6.3.0
9ce4e000-9ce51000 rw-p 00133000 08:21 1987217    /usr/lib/libX11.so.6.3.0
9ce51000-9cefd000 r-xp 00000000 08:21 1971820    /usr/lib/libgdk-x11-2.0.so.0.2400.22
9cefd000-9ceff000 r--p 000ab000 08:21 1971820    /usr/lib/libgdk-x11-2.0.so.0.2400.22
9ceff000-9cf00000 rw-p 000ad000 08:21 1971820    /usr/lib/libgdk-x11-2.0.so.0.2400.22
9cf00000-9d000000 rw-p 00000000 00:00 0 
9d000000-9d001000 r-xp 00000000 08:21 1974642    /usr/lib/libgthread-2.0.so.0.3800.2
9d001000-9d002000 r--p 00000000 08:21 1974642    /usr/lib/libgthread-2.0.so.0.3800.2
9d002000-9d003000 rw-p 00001000 08:21 1974642    /usr/lib/libgthread-2.0.so.0.3800.2
9d003000-9d007000 r-xp 00000000 08:21 1988138    /usr/lib/libXfixes.so.3.1.0
9d007000-9d008000 r--p 00003000 08:21 1988138    /usr/lib/libXfixes.so.3.1.0
9d008000-9d009000 rw-p 00004000 08:21 1988138    /usr/lib/libXfixes.so.3.1.0
9d009000-9d01e000 r-xp 00000000 08:21 1972460    /usr/lib/libz.so.1.2.8
9d01e000-9d01f000 r--p 00014000 08:21 1972460    /usr/lib/libz.so.1.2.8
9d01f000-9d020000 rw-p 00015000 08:21 1972460    /usr/lib/libz.so.1.2.8
9d020000-9d068000 r-xp 00000000 08:21 1993040    /usr/lib/libpango-1.0.so.0.3600.2
9d068000-9d069000 ---p 00048000 08:21 1993040    /usr/lib/libpango-1.0.so.0.3600.2
9d069000-9d06a000 r--p 00048000 08:21 1993040    /usr/lib/libpango-1.0.so.0.3600.2
9d06a000-9d06b000 rw-p 00049000 08:21 1993040    /usr/lib/libpango-1.0.so.0.3600.2
9d06b000-9d08f000 r-xp 00000000 08:21 2004585    /usr/lib/libgdk_pixbuf-2.0.so.0.3000.6
9d08f000-9d090000 r--p 00023000 08:21 2004585    /usr/lib/libgdk_pixbuf-2.0.so.0.3000.6
9d090000-9d091000 rw-p 00024000 08:21 2004585    /usr/lib/libgdk_pixbuf-2.0.so.0.3000.6
9d091000-9ec08000 r-xp 00000000 08:21 2074466    /usr/lib/libwebkitgtk-1.0.so.0.19.13
9ec08000-9ec09000 ---p 01b77000 08:21 2074466    /usr/lib/libwebkitgtk-1.0.so.0.19.13
9ec09000-9eccf000 r--p 01b77000 08:21 2074466    /usr/lib/libwebkitgtk-1.0.so.0.19.13
9eccf000-9ecdd000 rw-p 01c3d000 08:21 2074466    /usr/lib/libwebkitgtk-1.0.so.0.19.13
9ecdd000-9ece4000 rw-p 00000000 00:00 0 
9ece4000-9ede6000 r-xp 00000000 08:21 1974640    /usr/lib/libglib-2.0.so.0.3800.2
9ede6000-9ede7000 r--p 00101000 08:21 1974640    /usr/lib/libglib-2.0.so.0.3800.2
9ede7000-9ede8000 rw-p 00102000 08:21 1974640    /usr/lib/libglib-2.0.so.0.3800.2
9ede8000-9ee37000 r-xp 00000000 08:21 1974643    /usr/lib/libgobject-2.0.so.0.3800.2
9ee37000-9ee38000 r--p 0004e000 08:21 1974643    /usr/lib/libgobject-2.0.so.0.3800.2
9ee38000-9ee39000 rw-p 0004f000 08:21 1974643    /usr/lib/libgobject-2.0.so.0.3800.2
9ee39000-9f297000 r-xp 00000000 08:21 1971821    /usr/lib/libgtk-x11-2.0.so.0.2400.22
9f297000-9f29b000 r--p 0045d000 08:21 1971821    /usr/lib/libgtk-x11-2.0.so.0.2400.22
9f29b000-9f29d000 rw-p 00461000 08:21 1971821    /usr/lib/libgtk-x11-2.0.so.0.2400.22
9f29d000-9f29f000 rw-p 00000000 00:00 0 
9f29f000-9f2ba000 r-xp 00000000 08:21 1975393    /usr/lib/libgcc_s.so.1
9f2ba000-9f2bb000 rw-p 0001a000 08:21 1975393    /usr/lib/libgcc_s.so.1
9f2bb000-9f398000 r-xp 00000000 08:21 2054078    /usr/lib/libstdc++.so.6.0.19
9f398000-9f39c000 r--p 000dc000 08:21 2054078    /usr/lib/libstdc++.so.6.0.19
9f39c000-9f39d000 rw-p 000e0000 08:21 2054078    /usr/lib/libstdc++.so.6.0.19
9f39d000-9f3a4000 rw-p 00000000 00:00 0 
9f3a4000-9f617000 r-xp 00000000 08:21 1995766    /usr/lib/libwx_baseu-3.0.so.0.0.0
9f617000-9f61e000 r--p 00272000 08:21 1995766    /usr/lib/libwx_baseu-3.0.so.0.0.0
9f61e000-9f620000 rw-p 00279000 08:21 1995766    /usr/lib/libwx_baseu-3.0.so.0.0.0
9f620000-9f629000 rw-p 00000000 00:00 0 
9f629000-9f66e000 r-xp 00000000 08:21 1995871    /usr/lib/libwx_baseu_net-3.0.so.0.0.0
9f66e000-9f670000 r--p 00044000 08:21 1995871    /usr/lib/libwx_baseu_net-3.0.so.0.0.0
9f670000-9f671000 rw-p 00046000 08:21 1995871    /usr/lib/libwx_baseu_net-3.0.so.0.0.0
9f671000-9f67f000 r-xp 00000000 08:21 1994707    /usr/lib/libwx_baseu_xml-3.0.so.0.0.0
9f67f000-9f680000 r--p 0000d000 08:21 1994707    /usr/lib/libwx_baseu_xml-3.0.so.0.0.0
9f680000-9f681000 rw-p 0000e000 08:21 1994707    /usr/lib/libwx_baseu_xml-3.0.so.0.0.0
9f681000-9fb87000 r-xp 00000000 08:21 1994611    /usr/lib/libwx_gtk2u_core-3.0.so.0.0.0
9fb87000-9fbc6000 r--p 00505000 08:21 1994611    /usr/lib/libwx_gtk2u_core-3.0.so.0.0.0
9fbc6000-9fbca000 rw-p 00544000 08:21 1994611    /usr/lib/libwx_gtk2u_core-3.0.so.0.0.0
9fbca000-9fbd1000 rw-p 00000000 00:00 0 
9fbd1000-9fd55000 r-xp 00000000 08:21 1995872    /usr/lib/libwx_gtk2u_adv-3.0.so.0.0.0
9fd55000-9fd6a000 r--p 00184000 08:21 1995872    /usr/lib/libwx_gtk2u_adv-3.0.so.0.0.0
9fd6a000-9fd6c000 rw-p 00199000 08:21 1995872    /usr/lib/libwx_gtk2u_adv-3.0.so.0.0.0
9fd6c000-9fd6e000 rw-p 00000000 00:00 0 
9fd6e000-9fd92000 r-xp 00000000 08:21 1994680    /usr/lib/libwx_gtk2u_qa-3.0.so.0.0.0
9fd92000-9fd94000 r--p 00023000 08:21 1994680    /usr/lib/libwx_gtk2u_qa-3.0.so.0.0.0
9fd94000-9fd95000 rw-p 00025000 08:21 1994680    /usr/lib/libwx_gtk2u_qa-3.0.so.0.0.0
9fd95000-9fe49000 r-xp 00000000 08:21 1995772    /usr/lib/libwx_gtk2u_html-3.0.so.0.0.0
9fe49000-9fe51000 r--p 000b3000 08:21 1995772    /usr/lib/libwx_gtk2u_html-3.0.so.0.0.0
9fe51000-9fe53000 rw-p 000bb000 08:21 1995772    /usr/lib/libwx_gtk2u_html-3.0.so.0.0.0
9fe53000-9ff56000 r-xp 00000000 08:21 1994628    /usr/lib/libwx_gtk2u_xrc-3.0.so.0.0.0
9ff56000-9ff5f000 r--p 00102000 08:21 1994628    /usr/lib/libwx_gtk2u_xrc-3.0.so.0.0.0
9ff5f000-9ff60000 rw-p 0010b000 08:21 1994628    /usr/lib/libwx_gtk2u_xrc-3.0.so.0.0.0
9ff60000-9ff61000 rw-p 00000000 00:00 0 
9ff61000-9ff62000 r--s 00000000 08:21 1841487    /var/cache/fontconfig/f349e9996a5320f6dd491cedd2b1f964-le32d4.cache-4
9ff62000-9ff63000 rw-p 00000000 00:00 0 
9ff63000-9ff75000 r-xp 00000000 08:21 1994542    /usr/lib/libtdb.so.1.2.12
9ff75000-9ff76000 r--p 00011000 08:21 1994542    /usr/lib/libtdb.so.1.2.12
9ff76000-9ff77000 rw-p 00012000 08:21 1994542    /usr/lib/libtdb.so.1.2.12
9ff77000-9ff7f000 r-xp 00000000 08:21 1992673    /usr/lib/libvorbisfile.so.3.3.6
9ff7f000-9ff80000 r--p 00007000 08:21 1992673    /usr/lib/libvorbisfile.so.3.3.6
9ff80000-9ff81000 rw-p 00008000 08:21 1992673    /usr/lib/libvorbisfile.so.3.3.6
9ff81000-9ff91000 r-xp 00000000 08:21 1994594    /usr/lib/libcanberra.so.0.2.5
9ff91000-9ff92000 r--p 0000f000 08:21 1994594    /usr/lib/libcanberra.so.0.2.5
9ff92000-9ff93000 rw-p 00010000 08:21 1994594    /usr/lib/libcanberra.so.0.2.5
9ff93000-9ff97000 r-xp 00000000 08:21 1994596    /usr/lib/libcanberra-gtk.so.0.1.9
9ff97000-9ff98000 r--p 00003000 08:21 1994596    /usr/lib/libcanberra-gtk.so.0.1.9
9ff98000-9ff99000 rw-p 00004000 08:21 1994596    /usr/lib/libcanberra-gtk.so.0.1.9
9ff99000-9ff9d000 r-xp 00000000 08:21 2755463    /usr/lib/gtk-2.0/modules/libcanberra-gtk-module.so
9ff9d000-9ff9e000 r--p 00004000 08:21 2755463    /usr/lib/gtk-2.0/modules/libcanberra-gtk-module.so
9ff9e000-9ff9f000 rw-p 00005000 08:21 2755463    /usr/lib/gtk-2.0/modules/libcanberra-gtk-module.so
9ff9f000-9ffa1000 r-xp 00000000 08:21 2005678    /usr/lib/gconv/UTF-32.so
9ffa1000-9ffa2000 r--p 00001000 08:21 2005678    /usr/lib/gconv/UTF-32.so
9ffa2000-9ffa3000 rw-p 00002000 08:21 2005678    /usr/lib/gconv/UTF-32.so
9ffa3000-9ffa5000 rwxp 00000000 00:05 1044       /dev/zero
9ffa5000-9ffa6000 ---p 00000000 00:00 0 
9ffa6000-a0077000 rwxp 00000000 00:00 0          [stack:14230]
a0077000-a0200000 r--p 00000000 08:21 2045764    /usr/lib/locale/locale-archive
a0200000-a0221000 rw-p 00000000 00:00 0 
a0221000-a0300000 ---p 00000000 00:00 0 
a0300000-a0307000 r-xp 00000000 08:21 1988497    /usr/lib/libSM.so.6.0.1
a0307000-a0308000 r--p 00006000 08:21 1988497    /usr/lib/libSM.so.6.0.1
a0308000-a0309000 rw-p 00007000 08:21 1988497    /usr/lib/libSM.so.6.0.1
a0309000-a030d000 r-xp 00000000 08:21 1988131    /usr/lib/libXxf86vm.so.1.0.0
a030d000-a030e000 r--p 00004000 08:21 1988131    /usr/lib/libXxf86vm.so.1.0.0
a030e000-a030f000 rw-p 00005000 08:21 1988131    /usr/lib/libXxf86vm.so.1.0.0
a030f000-a032c000 r-xp 00000000 08:21 1995674    /usr/lib/libwx_gtk2u_webview-3.0.so.0.0.0
a032c000-a032d000 r--p 0001c000 08:21 1995674    /usr/lib/libwx_gtk2u_webview-3.0.so.0.0.0
a032d000-a032e000 rw-p 0001d000 08:21 1995674    /usr/lib/libwx_gtk2u_webview-3.0.so.0.0.0
a032e000-a032f000 ---p 00000000 00:00 0 
a032f000-a0400000 rwxp 00000000 00:00 0          [stack:14228]
a0400000-a045e000 rw-p 00000000 00:00 0 
a045e000-a0500000 ---p 00000000 00:00 0 
a0500000-a0501000 r-xp 00000000 08:21 1975107    /usr/lib/libnvidia-tls.so.173.14.39
a0501000-a0502000 rw-p 00000000 08:21 1975107    /usr/lib/libnvidia-tls.so.173.14.39
a0502000-a050d000 r-xp 00000000 08:21 1993044    /usr/lib/libpangocairo-1.0.so.0.3600.2
a050d000-a050e000 r--p 0000a000 08:21 1993044    /usr/lib/libpangocairo-1.0.so.0.3600.2
a050e000-a050f000 rw-p 0000b000 08:21 1993044    /usr/lib/libpangocairo-1.0.so.0.3600.2
a050f000-a051c000 r-xp 00000000 08:11 1098       /run/media/abhinav/Data HD 2/Abhinav/Projects/swxTK-java/build/natives/libwxapp.so
a051c000-a051d000 rw-p 0000d000 08:11 1098       /run/media/abhinav/Data HD 2/Abhinav/Projects/swxTK-java/build/natives/libwxapp.so
a051d000-a05bf000 rwxp 00000000 00:00 0          [stack:14226]
a05bf000-a05c0000 ---p 00000000 00:00 0 
a05c0000-a0640000 rwxp 00000000 00:00 0          [stack:14225]
a0640000-a068b000 rw-p 00000000 00:00 0 
a068b000-a0848000 r--s 039f9000 08:21 538612     /opt/java/jre/lib/rt.jar
a0848000-a084f000 rw-p 00000000 00:00 0 
a084f000-a0869000 rw-p 00000000 00:00 0 
a0869000-a086f000 rw-p 00000000 00:00 0 
a086f000-a08bf000 rw-p 00000000 00:00 0 
a08bf000-a08c2000 rw-p 00000000 00:00 0 
a08c2000-a08e9000 rw-p 00000000 00:00 0 
a08e9000-a08ef000 rw-p 00000000 00:00 0 
a08ef000-a093f000 rw-p 00000000 00:00 0 
a093f000-a0945000 rw-p 00000000 00:00 0 
a0945000-a095f000 rw-p 00000000 00:00 0 
a095f000-a0eb0000 rw-p 00000000 00:00 0 
a0eb0000-a5eb0000 rw-p 00000000 00:00 0 
a5eb0000-a6960000 rw-p 00000000 00:00 0 
a6960000-b0960000 rw-p 00000000 00:00 0 
b0960000-b1560000 rw-p 00000000 00:00 0 
b1560000-b4960000 rw-p 00000000 00:00 0 
b4960000-b4963000 rw-p 00000000 00:00 0 
b4963000-b49e0000 rw-p 00000000 00:00 0 
b49e0000-b4a80000 rwxp 00000000 00:00 0 
b4a80000-b69e0000 rw-p 00000000 00:00 0 
b69e0000-b69f7000 r-xp 00000000 08:21 539187     /opt/java/jre/lib/i386/libzip.so
b69f7000-b69f8000 rw-p 00017000 08:21 539187     /opt/java/jre/lib/i386/libzip.so
b69f8000-b6a00000 rw-s 00000000 00:1e 114989     /tmp/hsperfdata_abhinav/14223
b6a00000-b6b00000 rw-p 00000000 00:00 0 
b6b00000-b6b02000 r-xp 00000000 08:21 2063565    /usr/lib/libharfbuzz-icu.so.0.926.0
b6b02000-b6b03000 r--p 00001000 08:21 2063565    /usr/lib/libharfbuzz-icu.so.0.926.0
b6b03000-b6b04000 rw-p 00002000 08:21 2063565    /usr/lib/libharfbuzz-icu.so.0.926.0
b6b04000-b6b0b000 r-xp 00000000 08:21 1969515    /usr/lib/librt-2.19.so
b6b0b000-b6b0c000 r--p 00006000 08:21 1969515    /usr/lib/librt-2.19.so
b6b0c000-b6b0d000 rw-p 00007000 08:21 1969515    /usr/lib/librt-2.19.so
b6b0d000-b6b0e000 ---p 00000000 00:00 0 
b6b0e000-b6b5e000 rwxp 00000000 00:00 0          [stack:14224]
b6b5e000-b6ba2000 r-xp 00000000 08:21 1969449    /usr/lib/libm-2.19.so
b6ba2000-b6ba3000 r--p 00043000 08:21 1969449    /usr/lib/libm-2.19.so
b6ba3000-b6ba4000 rw-p 00044000 08:21 1969449    /usr/lib/libm-2.19.so
b6ba4000-b70b6000 r-xp 00000000 08:21 539223     /opt/java/jre/lib/i386/client/libjvm.so
b70b6000-b70d3000 rw-p 00511000 08:21 539223     /opt/java/jre/lib/i386/client/libjvm.so
b70d3000-b74f4000 rw-p 00000000 00:00 0 
b74f4000-b769b000 r-xp 00000000 08:21 1969521    /usr/lib/libc-2.19.so
b769b000-b769d000 r--p 001a7000 08:21 1969521    /usr/lib/libc-2.19.so
b769d000-b769e000 rw-p 001a9000 08:21 1969521    /usr/lib/libc-2.19.so
b769e000-b76a1000 rw-p 00000000 00:00 0 
b76a1000-b76a4000 r-xp 00000000 08:21 1969468    /usr/lib/libdl-2.19.so
b76a4000-b76a5000 r--p 00002000 08:21 1969468    /usr/lib/libdl-2.19.so
b76a5000-b76a6000 rw-p 00003000 08:21 1969468    /usr/lib/libdl-2.19.so
b76a6000-b76b9000 r-xp 00000000 08:21 539221     /opt/java/jre/lib/i386/jli/libjli.so
b76b9000-b76ba000 rw-p 00012000 08:21 539221     /opt/java/jre/lib/i386/jli/libjli.so
b76ba000-b76d2000 r-xp 00000000 08:21 1969535    /usr/lib/libpthread-2.19.so
b76d2000-b76d3000 r--p 00017000 08:21 1969535    /usr/lib/libpthread-2.19.so
b76d3000-b76d4000 rw-p 00018000 08:21 1969535    /usr/lib/libpthread-2.19.so
b76d4000-b76d6000 rw-p 00000000 00:00 0 
b76d6000-b76d9000 r-xp 00000000 08:21 1974641    /usr/lib/libgmodule-2.0.so.0.3800.2
b76d9000-b76da000 r--p 00002000 08:21 1974641    /usr/lib/libgmodule-2.0.so.0.3800.2
b76da000-b76db000 rw-p 00003000 08:21 1974641    /usr/lib/libgmodule-2.0.so.0.3800.2
b76db000-b76e6000 r-xp 00000000 08:21 1969513    /usr/lib/libnss_files-2.19.so
b76e6000-b76e7000 r--p 0000a000 08:21 1969513    /usr/lib/libnss_files-2.19.so
b76e7000-b76e8000 rw-p 0000b000 08:21 1969513    /usr/lib/libnss_files-2.19.so
b76e8000-b76e9000 rw-p 00000000 00:00 0 
b76e9000-b76ea000 r--p 00000000 00:00 0 
b76ea000-b770d000 r-xp 00000000 08:21 539175     /opt/java/jre/lib/i386/libjava.so
b770d000-b770e000 rw-p 00022000 08:21 539175     /opt/java/jre/lib/i386/libjava.so
b770e000-b7719000 r-xp 00000000 08:21 539163     /opt/java/jre/lib/i386/libverify.so
b7719000-b771a000 rw-p 0000b000 08:21 539163     /opt/java/jre/lib/i386/libverify.so
b771a000-b771b000 rw-p 00000000 00:00 0 
b771b000-b771c000 r-xp 00000000 00:00 0          [vdso]
b771c000-b773c000 r-xp 00000000 08:21 1969500    /usr/lib/ld-2.19.so
b773c000-b773d000 r--p 0001f000 08:21 1969500    /usr/lib/ld-2.19.so
b773d000-b773e000 rw-p 00020000 08:21 1969500    /usr/lib/ld-2.19.so
bfc76000-bfc96000 rwxp 00000000 00:00 0          [stack]
bfc96000-bfc97000 rw-p 00000000 00:00 0 

VM Arguments:
jvm_args: -Xdebug -Djava.library.path=./natives 
java_command: myApp
Launcher Type: SUN_STANDARD

Environment Variables:
JAVA_HOME=/opt/java
PATH=/usr/local/sbin:/usr/local/bin:/usr/bin:/opt/java/bin:/opt/java/db/bin:/opt/java/jre/bin:/usr/bin/vendor_perl:/usr/bin/core_perl
SHELL=/bin/bash
DISPLAY=:0

Signal Handlers:
SIGSEGV: [libjvm.so+0x491ad0], sa_mask[0]=0x7ffbfeff, sa_flags=0x10000004
SIGBUS: [libjvm.so+0x491ad0], sa_mask[0]=0x7ffbfeff, sa_flags=0x10000004
SIGFPE: [libjvm.so+0x3a55a0], sa_mask[0]=0x7ffbfeff, sa_flags=0x10000004
SIGPIPE: SIG_IGN, sa_mask[0]=0x00001000, sa_flags=0x10000000
SIGXFSZ: [libjvm.so+0x3a55a0], sa_mask[0]=0x7ffbfeff, sa_flags=0x10000004
SIGILL: [libjvm.so+0x3a55a0], sa_mask[0]=0x7ffbfeff, sa_flags=0x10000004
SIGUSR1: SIG_DFL, sa_mask[0]=0x00000000, sa_flags=0x00000000
SIGUSR2: [libjvm.so+0x3a4e80], sa_mask[0]=0x00000000, sa_flags=0x10000004
SIGHUP: [libjvm.so+0x3a7470], sa_mask[0]=0x7ffbfeff, sa_flags=0x10000004
SIGINT: [libjvm.so+0x3a7470], sa_mask[0]=0x7ffbfeff, sa_flags=0x10000004
SIGTERM: [libjvm.so+0x3a7470], sa_mask[0]=0x7ffbfeff, sa_flags=0x10000004
SIGQUIT: [libjvm.so+0x3a7470], sa_mask[0]=0x7ffbfeff, sa_flags=0x10000004


---------------  S Y S T E M  ---------------

OS:Linux
uname:Linux 3.13.5-1-ARCH #1 SMP PREEMPT Sun Feb 23 00:10:07 CET 2014 i686
libc:glibc 2.19 NPTL 2.19 
rlimit: STACK 8192k, CORE 0k, NPROC 16122, NOFILE 4096, AS infinity
load average:0.95 1.34 1.41

/proc/meminfo:
MemTotal:        2067312 kB
MemFree:          411800 kB
Buffers:           72192 kB
Cached:           401108 kB
SwapCached:        31880 kB
Active:           575256 kB
Inactive:         977516 kB
Active(anon):     426280 kB
Inactive(anon):   733628 kB
Active(file):     148976 kB
Inactive(file):   243888 kB
Unevictable:           0 kB
Mlocked:               0 kB
HighTotal:       1187288 kB
HighFree:         150732 kB
LowTotal:         880024 kB
LowFree:          261068 kB
SwapTotal:        522108 kB
SwapFree:           2020 kB
Dirty:               128 kB
Writeback:             0 kB
AnonPages:       1047800 kB
Mapped:           200888 kB
Shmem:             80428 kB
Slab:              37384 kB
SReclaimable:      18236 kB
SUnreclaim:        19148 kB
KernelStack:        4536 kB
PageTables:        16548 kB
NFS_Unstable:          0 kB
Bounce:                0 kB
WritebackTmp:          0 kB
CommitLimit:     1555764 kB
Committed_AS:    6715764 kB
VmallocTotal:     122880 kB
VmallocUsed:       32264 kB
VmallocChunk:      77300 kB
HardwareCorrupted:     0 kB
AnonHugePages:    167936 kB
HugePages_Total:       0
HugePages_Free:        0
HugePages_Rsvd:        0
HugePages_Surp:        0
Hugepagesize:       4096 kB
DirectMap4k:       65528 kB
DirectMap4M:      843776 kB


CPU:total 2 (1 cores per cpu, 2 threads per core) family 15 model 2 stepping 9, cmov, cx8, fxsr, mmx, sse, sse2, ht, tsc

/proc/cpuinfo:
processor	: 0
vendor_id	: GenuineIntel
cpu family	: 15
model		: 2
model name	: Intel(R) Pentium(R) 4 CPU 3.00GHz
stepping	: 9
microcode	: 0x21
cpu MHz		: 2992.491
cache size	: 512 KB
physical id	: 0
siblings	: 2
core id		: 0
cpu cores	: 1
apicid		: 0
initial apicid	: 0
fdiv_bug	: no
f00f_bug	: no
coma_bug	: no
fpu		: yes
fpu_exception	: yes
cpuid level	: 2
wp		: yes
flags		: fpu vme de pse tsc msr pae mce cx8 apic sep mtrr pge mca cmov pat pse36 clflush dts acpi mmx fxsr sse sse2 ss ht tm pbe pebs bts cid xtpr
bogomips	: 5987.35
clflush size	: 64
cache_alignment	: 128
address sizes	: 36 bits physical, 32 bits virtual
power management:

processor	: 1
vendor_id	: GenuineIntel
cpu family	: 15
model		: 2
model name	: Intel(R) Pentium(R) 4 CPU 3.00GHz
stepping	: 9
microcode	: 0x21
cpu MHz		: 2992.491
cache size	: 512 KB
physical id	: 0
siblings	: 2
core id		: 0
cpu cores	: 1
apicid		: 1
initial apicid	: 1
fdiv_bug	: no
f00f_bug	: no
coma_bug	: no
fpu		: yes
fpu_exception	: yes
cpuid level	: 2
wp		: yes
flags		: fpu vme de pse tsc msr pae mce cx8 apic sep mtrr pge mca cmov pat pse36 clflush dts acpi mmx fxsr sse sse2 ss ht tm pbe pebs bts cid xtpr
bogomips	: 5986.91
clflush size	: 64
cache_alignment	: 128
address sizes	: 36 bits physical, 32 bits virtual
power management:



Memory: 4k page, physical 2067312k(411800k free), swap 522108k(2020k free)

vm_info: Java HotSpot(TM) Client VM (23.25-b01) for linux-x86 JRE (1.7.0_25-b15), built on Jun  5 2013 20:58:23 by "java_re" with gcc 4.3.0 20080428 (Red Hat 4.3.0-8)

time: Sun Mar 23 22:39:39 2014
elapsed time: 54 seconds

