#
# A fatal error has been detected by the Java Runtime Environment:
#
#  SIGSEGV (0xb) at pc=0x9f8dba89, pid=12714, tid=3066096448
#
# JRE version: 7.0_25-b15
# Java VM: Java HotSpot(TM) Client VM (23.25-b01 mixed mode linux-x86 )
# Problematic frame:
# C  [libwx_gtk2u_core-3.0.so.0+0x1a9a89]  wxWindow::AddChildGTK(wxWindow*)+0x59
#
# Failed to write core dump. Core dumps have been disabled. To enable core dumping, try "ulimit -c unlimited" before starting Java again
#
# If you would like to submit a bug report, please visit:
#   http://bugreport.sun.com/bugreport/crash.jsp
# The crash happened outside the Java Virtual Machine in native code.
# See problematic frame for where to report the bug.
#

---------------  T H R E A D  ---------------

Current thread (0xb6a05400):  JavaThread "main" [_thread_in_native, id=12715, stack(0xb6bbe000,0xb6c0f000)]

siginfo:si_signo=SIGSEGV: si_errno=0, si_code=1 (SEGV_MAPERR), si_addr=0x0000004c

Registers:
EAX=0x00000000, EBX=0x9fc77000, ECX=0x0000000a, EDX=0x0000000a
ESP=0xb6c0dba0, EBP=0x9f6d07c8, ESI=0x9830b990, EDI=0x00000020
EIP=0x9f8dba89, EFLAGS=0x00210282, CR2=0x0000004c

Top of Stack: (sp=0xb6c0dba0)
0xb6c0dba0:   00000000 9d0eafa8 9fb51ece 9fb71897
0xb6c0dbb0:   9fb51f3c 9830b990 b6c0dbd8 98d8342b
0xb6c0dbc0:   9d099120 00080000 9f8dba39 9fc77000
0xb6c0dbd0:   9d099120 9830b990 9f6d07c8 9f8dff7b
0xb6c0dbe0:   9d099120 9830b990 9fb51cc3 9fb5017f
0xb6c0dbf0:   9fb69dc8 9fc77000 9830b990 00000001
0xb6c0dc00:   9d0b5040 b77e1430 9f8dff29 9fc77000
0xb6c0dc10:   9830b990 00000001 9d0b5040 9f925a32 

Instructions: (pc=0x9f8dba89)
0x9f8dba69:   00 00 89 14 24 89 44 24 04 e8 99 6a f7 ff 8b 96
0x9f8dba79:   ec 00 00 00 8b 8e f0 00 00 00 8b be f8 00 00 00
0x9f8dba89:   03 50 4c 89 fd 03 48 50 8b be f4 00 00 00 89 96
0x9f8dba99:   ec 00 00 00 89 8e f0 00 00 00 8b b6 08 01 00 00 

Register to memory mapping:

EAX=0x00000000 is an unknown value
EBX=0x9fc77000: <offset 0x545000> in /usr/lib/libwx_gtk2u_core-3.0.so.0 at 0x9f732000
ECX=0x0000000a is an unknown value
EDX=0x0000000a is an unknown value
ESP=0xb6c0dba0 is pointing into the stack for thread: 0xb6a05400
EBP=0x9f6d07c8: wxTheAssertHandler+0 in /usr/lib/libwx_baseu-3.0.so.0 at 0x9f455000
ESI=0x9830b990 is an unknown value
EDI=0x00000020 is an unknown value


Stack: [0xb6bbe000,0xb6c0f000],  sp=0xb6c0dba0,  free space=318k
Native frames: (J=compiled Java code, j=interpreted, Vv=VM code, C=native code)
C  [libwx_gtk2u_core-3.0.so.0+0x1a9a89]  wxWindow::AddChildGTK(wxWindow*)+0x59

Java frames: (J=compiled Java code, j=interpreted, Vv=VM code)
j  wx.JNI.wxbutton_moduleJNI.new_java_wxbutton(JLwx/JNI/java_wxpanel;ILjava/lang/String;IIIIILjava/lang/String;)J+0
j  wx.JNI.java_wxbutton.<init>(Lwx/JNI/java_wxpanel;ILjava/lang/String;IIIIILjava/lang/String;)V+20
j  wx.wxButton.<init>(Lwx/wxPanel;ILjava/lang/String;Ljava/awt/Point;Ljava/awt/Dimension;ILjava/lang/String;)V+32
j  myApp.onInit()Z+116
j  wx.wxApp.callOnInit()V+1
j  wx.wxApp.start([Ljava/lang/String;)V+7
j  wx.wxApp.launch([Ljava/lang/String;Lwx/wxApp;)V+2
j  myApp.main([Ljava/lang/String;)V+15
v  ~StubRoutines::call_stub

---------------  P R O C E S S  ---------------

Java Threads: ( => current thread )
  0xb6ac2000 JavaThread "Service Thread" daemon [_thread_blocked, id=12721, stack(0xa040d000,0xa045e000)]
  0xb6ac0000 JavaThread "C1 CompilerThread0" daemon [_thread_blocked, id=12720, stack(0xa00f6000,0xa0177000)]
  0xb6abe800 JavaThread "Signal Dispatcher" daemon [_thread_blocked, id=12719, stack(0xa045e000,0xa04af000)]
  0xb6a82c00 JavaThread "Finalizer" daemon [_thread_blocked, id=12718, stack(0xa04af000,0xa0500000)]
  0xb6a81000 JavaThread "Reference Handler" daemon [_thread_blocked, id=12717, stack(0xa060e000,0xa065f000)]
=>0xb6a05400 JavaThread "main" [_thread_in_native, id=12715, stack(0xb6bbe000,0xb6c0f000)]

Other Threads:
  0xb6a7b400 VMThread [stack: 0xa065f000,0xa06e0000] [id=12716]
  0xb6ac4400 WatcherThread [stack: 0xa0075000,0xa00f6000] [id=12722]

VM state:not at safepoint (normal execution)

VM Mutex/Monitor currently owned by a thread: None

Heap
 def new generation   total 4928K, used 723K [0xa0a00000, 0xa0f50000, 0xa5f50000)
  eden space 4416K,  16% used [0xa0a00000, 0xa0ab4ee0, 0xa0e50000)
  from space 512K,   0% used [0xa0e50000, 0xa0e50000, 0xa0ed0000)
  to   space 512K,   0% used [0xa0ed0000, 0xa0ed0000, 0xa0f50000)
 tenured generation   total 10944K, used 0K [0xa5f50000, 0xa6a00000, 0xb0a00000)
   the space 10944K,   0% used [0xa5f50000, 0xa5f50000, 0xa5f50200, 0xa6a00000)
 compacting perm gen  total 12288K, used 1842K [0xb0a00000, 0xb1600000, 0xb4a00000)
   the space 12288K,  14% used [0xb0a00000, 0xb0bcc998, 0xb0bcca00, 0xb1600000)
No shared spaces configured.

Card table byte_map: [0xa095f000,0xa0a00000] byte_map_base: 0xa045a000

Polling page: 0xb779a000

Code Cache  [0xb4a00000, 0xb4aa0000, 0xb6a00000)
 total_blobs=152 nmethods=16 adapters=72 free_code_cache=32136Kb largest_free_block=32907200

Compilation events (10 events):
Event: 3.727 Thread 0xb6ac0000   11   !         java.io.BufferedReader::readLine (304 bytes)
Event: 3.732 Thread 0xb6ac0000 nmethod 11 0xb4a97508 code [0xb4a977e0, 0xb4a98714]
Event: 3.736 Thread 0xb6ac0000   12             sun.nio.cs.UTF_8$Decoder::decodeArrayLoop (543 bytes)
Event: 3.761 Thread 0xb6ac0000 nmethod 12 0xb4a99448 code [0xb4a99950, 0xb4a9aa98]
Event: 3.923 Thread 0xb6ac0000   14             java.lang.String::startsWith (72 bytes)
Event: 3.924 Thread 0xb6ac0000 nmethod 14 0xb4a9d188 code [0xb4a9d290, 0xb4a9d3d0]
Event: 4.575 Thread 0xb6ac0000   15             java.lang.String::length (6 bytes)
Event: 4.575 Thread 0xb6ac0000 nmethod 15 0xb4a9d9c8 code [0xb4a9dac0, 0xb4a9db50]
Event: 4.677 Thread 0xb6ac0000   16             java.lang.Math::min (11 bytes)
Event: 4.677 Thread 0xb6ac0000 nmethod 16 0xb4a9dbc8 code [0xb4a9dcc0, 0xb4a9dd30]

GC Heap History (0 events):
No events

Deoptimization events (0 events):
No events

Internal exceptions (10 events):
Event: 4.525 Thread 0xb6a05400 Threw 0xa0a97d68 at /HUDSON/workspace/jdk7u25-2-build-linux-i586-product/jdk7u25/hotspot/src/share/vm/prims/jvm.cpp:1235
Event: 4.556 Thread 0xb6a05400 Threw 0xa0a9a628 at /HUDSON/workspace/jdk7u25-2-build-linux-i586-product/jdk7u25/hotspot/src/share/vm/prims/jvm.cpp:1235
Event: 4.575 Thread 0xb6a05400 Threw 0xa0a9bf00 at /HUDSON/workspace/jdk7u25-2-build-linux-i586-product/jdk7u25/hotspot/src/share/vm/prims/jvm.cpp:1235
Event: 4.609 Thread 0xb6a05400 Threw 0xa0a9e8c0 at /HUDSON/workspace/jdk7u25-2-build-linux-i586-product/jdk7u25/hotspot/src/share/vm/prims/jvm.cpp:1235
Event: 4.613 Thread 0xb6a05400 Threw 0xa0aa0320 at /HUDSON/workspace/jdk7u25-2-build-linux-i586-product/jdk7u25/hotspot/src/share/vm/prims/jvm.cpp:1235
Event: 4.628 Thread 0xb6a05400 Threw 0xa0aa2528 at /HUDSON/workspace/jdk7u25-2-build-linux-i586-product/jdk7u25/hotspot/src/share/vm/prims/jvm.cpp:1235
Event: 4.676 Thread 0xb6a05400 Threw 0xa0aa5670 at /HUDSON/workspace/jdk7u25-2-build-linux-i586-product/jdk7u25/hotspot/src/share/vm/prims/jvm.cpp:1235
Event: 4.698 Thread 0xb6a05400 Threw 0xa0aa71c0 at /HUDSON/workspace/jdk7u25-2-build-linux-i586-product/jdk7u25/hotspot/src/share/vm/prims/jvm.cpp:1235
Event: 4.712 Thread 0xb6a05400 Threw 0xa0aa90c8 at /HUDSON/workspace/jdk7u25-2-build-linux-i586-product/jdk7u25/hotspot/src/share/vm/prims/jvm.cpp:1235
Event: 4.749 Thread 0xb6a05400 Threw 0xa0aac378 at /HUDSON/workspace/jdk7u25-2-build-linux-i586-product/jdk7u25/hotspot/src/share/vm/prims/jvm.cpp:1235

Events (10 events):
Event: 4.676 loading class 0x9d098f40
Event: 4.676 loading class 0x9d098f40 done
Event: 4.698 loading class 0xb6afa778
Event: 4.698 loading class 0xb6afa778 done
Event: 4.712 loading class 0x983089e8
Event: 4.712 loading class 0x983089e8 done
Event: 4.749 loading class 0x9830b6b8
Event: 4.749 loading class 0x9830b6b8 done
Event: 4.852 Executing VM operation: EnableBiasedLocking
Event: 4.852 Executing VM operation: EnableBiasedLocking done


Dynamic libraries:
08048000-08049000 r-xp 00000000 08:21 536270     /opt/java/bin/java
08049000-0804a000 rw-p 00000000 08:21 536270     /opt/java/bin/java
09d5f000-09d80000 rw-p 00000000 00:00 0          [heap]
84867000-848e7000 rw-s 00000000 00:04 43450528   /SYSV00000000 (deleted)
848e7000-84947000 rw-s 00000000 00:04 43417720   /SYSV00000000 (deleted)
84947000-84948000 ---p 00000000 00:00 0 
84948000-85148000 rwxp 00000000 00:00 0          [stack:12726]
85148000-89149000 rw-s 00000000 00:11 109884     /dev/shm/pulse-shm-1698773494
89149000-8915e000 r-xp 00000000 08:21 1969486    /usr/lib/libnsl-2.19.so
8915e000-8915f000 r--p 00015000 08:21 1969486    /usr/lib/libnsl-2.19.so
8915f000-89160000 rw-p 00016000 08:21 1969486    /usr/lib/libnsl-2.19.so
89160000-89162000 rw-p 00000000 00:00 0 
89162000-891db000 r-xp 00000000 08:21 1992674    /usr/lib/libvorbisenc.so.2.0.10
891db000-891ec000 r--p 00079000 08:21 1992674    /usr/lib/libvorbisenc.so.2.0.10
891ec000-891ed000 rw-p 0008a000 08:21 1992674    /usr/lib/libvorbisenc.so.2.0.10
891ed000-89221000 r-xp 00000000 08:21 1992678    /usr/lib/libFLAC.so.8.3.0
89221000-89222000 r--p 00034000 08:21 1992678    /usr/lib/libFLAC.so.8.3.0
89222000-89223000 rw-p 00035000 08:21 1992678    /usr/lib/libFLAC.so.8.3.0
89223000-8928e000 r-xp 00000000 08:21 1992712    /usr/lib/libsndfile.so.1.0.25
8928e000-89290000 r--p 0006a000 08:21 1992712    /usr/lib/libsndfile.so.1.0.25
89290000-89291000 rw-p 0006c000 08:21 1992712    /usr/lib/libsndfile.so.1.0.25
89291000-89295000 rw-p 00000000 00:00 0 
89295000-8930c000 r-xp 00000000 08:21 2629971    /usr/lib/pulseaudio/libpulsecommon-5.0.so
8930c000-8930d000 ---p 00077000 08:21 2629971    /usr/lib/pulseaudio/libpulsecommon-5.0.so
8930d000-8930e000 r--p 00077000 08:21 2629971    /usr/lib/pulseaudio/libpulsecommon-5.0.so
8930e000-8930f000 rw-p 00078000 08:21 2629971    /usr/lib/pulseaudio/libpulsecommon-5.0.so
8930f000-8935e000 r-xp 00000000 08:21 1992729    /usr/lib/libpulse.so.0.17.3
8935e000-8935f000 r--p 0004e000 08:21 1992729    /usr/lib/libpulse.so.0.17.3
8935f000-89360000 rw-p 0004f000 08:21 1992729    /usr/lib/libpulse.so.0.17.3
89360000-90130000 r--p 00000000 08:21 2523085    /usr/share/icons/hicolor/icon-theme.cache
90130000-96f00000 r--p 00000000 08:21 2523085    /usr/share/icons/hicolor/icon-theme.cache
96f00000-970c0000 rw-p 00000000 00:00 0 
970c0000-97100000 ---p 00000000 00:00 0 
97100000-97200000 rw-p 00000000 00:00 0 
97212000-9723e000 r-xp 00000000 08:21 1975222    /usr/lib/libsystemd-journal.so.0.11.5
9723e000-9723f000 r--p 0002b000 08:21 1975222    /usr/lib/libsystemd-journal.so.0.11.5
9723f000-97240000 rw-p 0002c000 08:21 1975222    /usr/lib/libsystemd-journal.so.0.11.5
97284000-972b4000 r--p 00000000 08:21 2519653    /usr/share/fonts/TTF/DroidSans-Bold.ttf
972b4000-972d9000 r--s 00000000 08:21 2622211    /usr/share/mime/mime.cache
972d9000-972fe000 r--s 00000000 08:21 2622211    /usr/share/mime/mime.cache
972fe000-972ff000 ---p 00000000 00:00 0 
972ff000-97aff000 rwxp 00000000 00:00 0          [stack:12725]
97aff000-97b00000 ---p 00000000 00:00 0 
97b00000-98300000 rwxp 00000000 00:00 0          [stack:12724]
98300000-98400000 rw-p 00000000 00:00 0 
98405000-9840a000 r-xp 00000000 08:21 1992653    /usr/lib/libasyncns.so.0.3.1
9840a000-9840b000 r--p 00004000 08:21 1992653    /usr/lib/libasyncns.so.0.3.1
9840b000-9840c000 rw-p 00005000 08:21 1992653    /usr/lib/libasyncns.so.0.3.1
9840c000-98415000 r-xp 00000000 08:21 2012861    /usr/lib/libjson-c.so.2.0.1
98415000-98416000 r--p 00008000 08:21 2012861    /usr/lib/libjson-c.so.2.0.1
98416000-98417000 rw-p 00009000 08:21 2012861    /usr/lib/libjson-c.so.2.0.1
98417000-98446000 r--p 00000000 08:21 2519654    /usr/share/fonts/TTF/DroidSans.ttf
98446000-98459000 r--s 00000000 08:21 1842844    /var/cache/fontconfig/8d4af663993b81a124ee82e610bb31f9-le32d4.cache-4
98459000-98473000 r--s 00000000 08:21 1841488    /var/cache/fontconfig/f6b893a7224233d96cb72fd88691c0b4-le32d4.cache-4
98473000-98488000 r-xp 00000000 08:11 910        /run/media/abhinav/Data HD 2/Abhinav/Projects/swxTK-java/build/natives/libwxbutton.so
98488000-9848a000 rw-p 00015000 08:11 910        /run/media/abhinav/Data HD 2/Abhinav/Projects/swxTK-java/build/natives/libwxbutton.so
9848a000-9848b000 ---p 00000000 00:00 0 
9848b000-98c8b000 rwxp 00000000 00:00 0          [stack:12723]
98c8b000-98cbe000 r-xp 00000000 08:21 2011090    /usr/lib/libbluray.so.1.5.0
98cbe000-98cbf000 r--p 00032000 08:21 2011090    /usr/lib/libbluray.so.1.5.0
98cbf000-98cc0000 rw-p 00033000 08:21 2011090    /usr/lib/libbluray.so.1.5.0
98cc0000-98cf3000 r-xp 00000000 08:21 2011092    /usr/lib/libgvfscommon.so.0.0.0
98cf3000-98cf5000 r--p 00033000 08:21 2011092    /usr/lib/libgvfscommon.so.0.0.0
98cf5000-98cf6000 rw-p 00035000 08:21 2011092    /usr/lib/libgvfscommon.so.0.0.0
98cf6000-98d50000 r-xp 00000000 08:21 2072016    /usr/lib/libibus-1.0.so.5.0.505
98d50000-98d51000 r--p 00059000 08:21 2072016    /usr/lib/libibus-1.0.so.5.0.505
98d51000-98d52000 rw-p 0005a000 08:21 2072016    /usr/lib/libibus-1.0.so.5.0.505
98d58000-98d5e000 r-xp 00000000 08:21 2765327    /usr/lib/libcanberra-0.30/libcanberra-pulse.so
98d5e000-98d5f000 r--p 00005000 08:21 2765327    /usr/lib/libcanberra-0.30/libcanberra-pulse.so
98d5f000-98d60000 rw-p 00006000 08:21 2765327    /usr/lib/libcanberra-0.30/libcanberra-pulse.so
98d60000-98d68000 r--s 00000000 08:21 1841489    /var/cache/fontconfig/d62e99ef547d1d24cdb1bd22ec1a2976-le32d4.cache-4
98d68000-98d77000 r-xp 00000000 08:11 940        /run/media/abhinav/Data HD 2/Abhinav/Projects/swxTK-java/build/natives/libwxdialog.so
98d77000-98d78000 rw-p 0000f000 08:11 940        /run/media/abhinav/Data HD 2/Abhinav/Projects/swxTK-java/build/natives/libwxdialog.so
98d78000-98d86000 r-xp 00000000 08:11 1026       /run/media/abhinav/Data HD 2/Abhinav/Projects/swxTK-java/build/natives/libwxpanel.so
98d86000-98d88000 rw-p 0000d000 08:11 1026       /run/media/abhinav/Data HD 2/Abhinav/Projects/swxTK-java/build/natives/libwxpanel.so
98d88000-98d95000 r-xp 00000000 08:11 957        /run/media/abhinav/Data HD 2/Abhinav/Projects/swxTK-java/build/natives/libwxwindow.so
98d95000-98d96000 rw-p 0000d000 08:11 957        /run/media/abhinav/Data HD 2/Abhinav/Projects/swxTK-java/build/natives/libwxwindow.so
98d96000-98d9b000 r-xp 00000000 08:21 1988932    /usr/lib/libXtst.so.6.1.0
98d9b000-98d9c000 r--p 00004000 08:21 1988932    /usr/lib/libXtst.so.6.1.0
98d9c000-98d9d000 rw-p 00005000 08:21 1988932    /usr/lib/libXtst.so.6.1.0
98d9d000-98d9e000 r--s 00000000 08:21 4467131    /home/abhinav/.local/share/mime/mime.cache
98d9e000-98da0000 r--s 00000000 08:21 1842845    /var/cache/fontconfig/9426a008fa2047862ca190817398c0d3-le32d4.cache-4
98da0000-98da1000 r--s 00000000 08:21 1844153    /var/cache/fontconfig/2cbfdae18b635249c3b80db595f4d8f0-le32d4.cache-4
98da1000-98da2000 r--s 00000000 08:21 1844146    /var/cache/fontconfig/f8aa32b531a43f7c5bdd7cb65be487ce-le32d4.cache-4
98da2000-98da3000 r--s 00000000 08:21 1844145    /var/cache/fontconfig/04e6febddc5a474cc90c0cdd4968de8a-le32d4.cache-4
98da3000-98da5000 r-xp 00000000 08:21 1969467    /usr/lib/libutil-2.19.so
98da5000-98da6000 r--p 00001000 08:21 1969467    /usr/lib/libutil-2.19.so
98da6000-98da7000 rw-p 00002000 08:21 1969467    /usr/lib/libutil-2.19.so
98da7000-98dd7000 r-xp 00000000 08:21 2236810    /usr/lib/gio/modules/libgvfsdbus.so
98dd7000-98dd8000 r--p 0002f000 08:21 2236810    /usr/lib/gio/modules/libgvfsdbus.so
98dd8000-98dd9000 rw-p 00030000 08:21 2236810    /usr/lib/gio/modules/libgvfsdbus.so
98dd9000-98ddf000 r-xp 00000000 08:21 2899085    /usr/lib/gtk-2.0/2.10.0/immodules/im-ibus.so
98ddf000-98de0000 r--p 00005000 08:21 2899085    /usr/lib/gtk-2.0/2.10.0/immodules/im-ibus.so
98de0000-98de1000 rw-p 00006000 08:21 2899085    /usr/lib/gtk-2.0/2.10.0/immodules/im-ibus.so
98de1000-98e2a000 r-xp 00000000 08:21 539216     /opt/java/jre/lib/i386/xawt/libmawt.so
98e2a000-98e2c000 rw-p 00049000 08:21 539216     /opt/java/jre/lib/i386/xawt/libmawt.so
98e2c000-98e2d000 rw-p 00000000 00:00 0 
98e2d000-98eb4000 r-xp 00000000 08:21 539205     /opt/java/jre/lib/i386/libawt.so
98eb4000-98ebb000 rw-p 00086000 08:21 539205     /opt/java/jre/lib/i386/libawt.so
98ebb000-98edf000 rw-p 00000000 00:00 0 
98edf000-98eed000 r-xp 00000000 08:11 927        /run/media/abhinav/Data HD 2/Abhinav/Projects/swxTK-java/build/natives/libwxframe.so
98eed000-98eee000 rw-p 0000e000 08:11 927        /run/media/abhinav/Data HD 2/Abhinav/Projects/swxTK-java/build/natives/libwxframe.so
98eee000-98ef4000 r-xp 00000000 08:21 2056961    /usr/lib/libogg.so.0.8.1
98ef4000-98ef5000 r--p 00005000 08:21 2056961    /usr/lib/libogg.so.0.8.1
98ef5000-98ef6000 rw-p 00006000 08:21 2056961    /usr/lib/libogg.so.0.8.1
98ef6000-98f20000 r-xp 00000000 08:21 1992672    /usr/lib/libvorbis.so.0.4.7
98f20000-98f21000 r--p 00029000 08:21 1992672    /usr/lib/libvorbis.so.0.4.7
98f21000-98f22000 rw-p 0002a000 08:21 1992672    /usr/lib/libvorbis.so.0.4.7
98f22000-98f2b000 r-xp 00000000 08:21 1984801    /usr/lib/libltdl.so.7.3.0
98f2b000-98f2c000 r--p 00008000 08:21 1984801    /usr/lib/libltdl.so.7.3.0
98f2c000-98f2d000 rw-p 00009000 08:21 1984801    /usr/lib/libltdl.so.7.3.0
98f2d000-98f2e000 r--s 00000000 08:21 1842858    /var/cache/fontconfig/6cbc3842be4e1cc07a4cb86bf80f9309-le32d4.cache-4
98f2e000-98f30000 r--s 00000000 08:21 1835754    /var/cache/fontconfig/452f1fac34b224105d7acfae3034bcd5-le32d4.cache-4
98f30000-98f3a000 r--s 00371000 08:21 538640     /opt/java/jre/lib/charsets.jar
98f3a000-98f6f000 r-xp 00000000 08:21 2899151    /usr/lib/gtk-2.0/2.10.0/engines/libmurrine.so
98f6f000-98f70000 r--p 00034000 08:21 2899151    /usr/lib/gtk-2.0/2.10.0/engines/libmurrine.so
98f70000-98f71000 rw-p 00035000 08:21 2899151    /usr/lib/gtk-2.0/2.10.0/engines/libmurrine.so
98f71000-98fd5000 rw-p 00000000 00:00 0 
98fd5000-98fda000 r-xp 00000000 08:21 1985057    /usr/lib/libXdmcp.so.6.0.0
98fda000-98fdb000 r--p 00004000 08:21 1985057    /usr/lib/libXdmcp.so.6.0.0
98fdb000-98fdc000 rw-p 00005000 08:21 1985057    /usr/lib/libXdmcp.so.6.0.0
98fdc000-98fde000 r-xp 00000000 08:21 1985061    /usr/lib/libXau.so.6.0.0
98fde000-98fdf000 r--p 00001000 08:21 1985061    /usr/lib/libXau.so.6.0.0
98fdf000-98fe0000 rw-p 00002000 08:21 1985061    /usr/lib/libXau.so.6.0.0
98fe0000-98ff0000 r-xp 00000000 08:21 1972394    /usr/lib/libbz2.so.1.0.6
98ff0000-98ff1000 rw-p 00010000 08:21 1972394    /usr/lib/libbz2.so.1.0.6
98ff1000-98ffd000 r-xp 00000000 08:21 1985004    /usr/lib/libdrm.so.2.4.0
98ffd000-98ffe000 r--p 0000b000 08:21 1985004    /usr/lib/libdrm.so.2.4.0
98ffe000-98fff000 rw-p 0000c000 08:21 1985004    /usr/lib/libdrm.so.2.4.0
98fff000-9900d000 r-xp 00000000 08:21 1975208    /usr/lib/libudev.so.1.4.0
9900d000-9900e000 ---p 0000e000 08:21 1975208    /usr/lib/libudev.so.1.4.0
9900e000-9900f000 r--p 0000e000 08:21 1975208    /usr/lib/libudev.so.1.4.0
9900f000-99010000 rw-p 0000f000 08:21 1975208    /usr/lib/libudev.so.1.4.0
99010000-99020000 r-xp 00000000 08:21 1988151    /usr/lib/libglapi.so.0.0.0
99020000-99022000 r--p 0000f000 08:21 1988151    /usr/lib/libglapi.so.0.0.0
99022000-99027000 rwxp 00011000 08:21 1988151    /usr/lib/libglapi.so.0.0.0
99027000-99028000 rwxp 00000000 00:00 0 
99028000-99035000 r-xp 00000000 08:21 1985048    /usr/lib/libwayland-server.so.0.1.0
99035000-99036000 r--p 0000d000 08:21 1985048    /usr/lib/libwayland-server.so.0.1.0
99036000-99037000 rw-p 0000e000 08:21 1985048    /usr/lib/libwayland-server.so.0.1.0
99037000-99041000 r-xp 00000000 08:21 1985049    /usr/lib/libwayland-client.so.0.2.0
99041000-99042000 r--p 00009000 08:21 1985049    /usr/lib/libwayland-client.so.0.2.0
99042000-99043000 rw-p 0000a000 08:21 1985049    /usr/lib/libwayland-client.so.0.2.0
99043000-99049000 r-xp 00000000 08:21 1971649    /usr/lib/libgbm.so.1.0.0
99049000-9904a000 r--p 00005000 08:21 1971649    /usr/lib/libgbm.so.1.0.0
9904a000-9904b000 rw-p 00006000 08:21 1971649    /usr/lib/libgbm.so.1.0.0
9904b000-9904d000 r-xp 00000000 08:21 2076092    /usr/lib/libxcb-shape.so.0.0.0
9904d000-9904e000 r--p 00002000 08:21 2076092    /usr/lib/libxcb-shape.so.0.0.0
9904e000-9904f000 rw-p 00003000 08:21 2076092    /usr/lib/libxcb-shape.so.0.0.0
9904f000-99055000 r-xp 00000000 08:21 2076074    /usr/lib/libxcb-xfixes.so.0.0.0
99055000-99056000 r--p 00005000 08:21 2076074    /usr/lib/libxcb-xfixes.so.0.0.0
99056000-99057000 rw-p 00006000 08:21 2076074    /usr/lib/libxcb-xfixes.so.0.0.0
99057000-9905b000 r-xp 00000000 08:21 2076107    /usr/lib/libxcb-dri2.so.0.0.0
9905b000-9905c000 r--p 00003000 08:21 2076107    /usr/lib/libxcb-dri2.so.0.0.0
9905c000-9905d000 rw-p 00004000 08:21 2076107    /usr/lib/libxcb-dri2.so.0.0.0
9905d000-9905e000 r-xp 00000000 08:21 1987215    /usr/lib/libX11-xcb.so.1.0.0
9905e000-9905f000 r--p 00000000 08:21 1987215    /usr/lib/libX11-xcb.so.1.0.0
9905f000-99060000 rw-p 00001000 08:21 1987215    /usr/lib/libX11-xcb.so.1.0.0
99060000-99061000 r-xp 00000000 08:21 1975107    /usr/lib/libnvidia-tls.so.173.14.39
99061000-99062000 rw-p 00000000 08:21 1975107    /usr/lib/libnvidia-tls.so.173.14.39
99062000-99c10000 r-xp 00000000 08:21 1972235    /usr/lib/libGLcore.so.173.14.39
99c10000-99d9d000 rwxp 00bae000 08:21 1972235    /usr/lib/libGLcore.so.173.14.39
99d9d000-99da2000 rwxp 00000000 00:00 0 
99da2000-99da5000 r-xp 00000000 08:21 1973554    /usr/lib/libgpg-error.so.0.10.0
99da5000-99da6000 r--p 00003000 08:21 1973554    /usr/lib/libgpg-error.so.0.10.0
99da6000-99da7000 rw-p 00004000 08:21 1973554    /usr/lib/libgpg-error.so.0.10.0
99da7000-99e46000 r-xp 00000000 08:21 1984956    /usr/lib/libgcrypt.so.20.0.1
99e46000-99e47000 ---p 0009f000 08:21 1984956    /usr/lib/libgcrypt.so.20.0.1
99e47000-99e48000 r--p 0009f000 08:21 1984956    /usr/lib/libgcrypt.so.20.0.1
99e48000-99e4b000 rw-p 000a0000 08:21 1984956    /usr/lib/libgcrypt.so.20.0.1
99e4b000-99ed7000 r-xp 00000000 08:21 1992767    /usr/lib/liborc-0.4.so.0.18.0
99ed7000-99ed8000 r--p 0008c000 08:21 1992767    /usr/lib/liborc-0.4.so.0.18.0
99ed8000-99edc000 rw-p 0008d000 08:21 1992767    /usr/lib/liborc-0.4.so.0.18.0
99edc000-99f12000 r-xp 00000000 08:21 1998325    /usr/lib/libgsttag-1.0.so.0.203.0
99f12000-99f13000 r--p 00035000 08:21 1998325    /usr/lib/libgsttag-1.0.so.0.203.0
99f13000-99f14000 rw-p 00036000 08:21 1998325    /usr/lib/libgsttag-1.0.so.0.203.0
99f14000-99f5e000 r-xp 00000000 08:21 1984947    /usr/lib/libdbus-1.so.3.8.3
99f5e000-99f5f000 r--p 00049000 08:21 1984947    /usr/lib/libdbus-1.so.3.8.3
99f5f000-99f60000 rw-p 0004a000 08:21 1984947    /usr/lib/libdbus-1.so.3.8.3
99f60000-99f85000 r-xp 00000000 08:21 1991330    /usr/lib/libdbus-glib-1.so.2.2.2
99f85000-99f86000 r--p 00024000 08:21 1991330    /usr/lib/libdbus-glib-1.so.2.2.2
99f86000-99f87000 rw-p 00025000 08:21 1991330    /usr/lib/libdbus-glib-1.so.2.2.2
99f87000-99fa3000 r-xp 00000000 08:21 1993014    /usr/lib/libgraphite2.so.3.0.1
99fa3000-99fa4000 r--p 0001c000 08:21 1993014    /usr/lib/libgraphite2.so.3.0.1
99fa4000-99fa5000 rw-p 0001d000 08:21 1993014    /usr/lib/libgraphite2.so.3.0.1
99fa5000-9b610000 r--p 00000000 08:21 1990863    /usr/lib/libicudata.so.52.1
9b610000-9b611000 r--p 0166a000 08:21 1990863    /usr/lib/libicudata.so.52.1
9b611000-9b624000 r-xp 00000000 08:21 1969455    /usr/lib/libresolv-2.19.so
9b624000-9b625000 ---p 00013000 08:21 1969455    /usr/lib/libresolv-2.19.so
9b625000-9b626000 r--p 00013000 08:21 1969455    /usr/lib/libresolv-2.19.so
9b626000-9b627000 rw-p 00014000 08:21 1969455    /usr/lib/libresolv-2.19.so
9b627000-9b629000 rw-p 00000000 00:00 0 
9b629000-9b64e000 r-xp 00000000 08:21 1974741    /usr/lib/liblzma.so.5.0.5
9b64e000-9b64f000 r--p 00024000 08:21 1974741    /usr/lib/liblzma.so.5.0.5
9b64f000-9b650000 rw-p 00025000 08:21 1974741    /usr/lib/liblzma.so.5.0.5
9b650000-9b654000 r-xp 00000000 08:21 1974128    /usr/lib/libuuid.so.1.3.0
9b654000-9b655000 r--p 00003000 08:21 1974128    /usr/lib/libuuid.so.1.3.0
9b655000-9b656000 rw-p 00004000 08:21 1974128    /usr/lib/libuuid.so.1.3.0
9b656000-9b66c000 r-xp 00000000 08:21 1988494    /usr/lib/libICE.so.6.3.0
9b66c000-9b66d000 r--p 00015000 08:21 1988494    /usr/lib/libICE.so.6.3.0
9b66d000-9b66e000 rw-p 00016000 08:21 1988494    /usr/lib/libICE.so.6.3.0
9b66e000-9b670000 rw-p 00000000 00:00 0 
9b670000-9b679000 r-xp 00000000 08:21 2076077    /usr/lib/libxcb-render.so.0.0.0
9b679000-9b67a000 r--p 00008000 08:21 2076077    /usr/lib/libxcb-render.so.0.0.0
9b67a000-9b67b000 rw-p 00009000 08:21 2076077    /usr/lib/libxcb-render.so.0.0.0
9b67b000-9b67d000 r-xp 00000000 08:21 2076104    /usr/lib/libxcb-shm.so.0.0.0
9b67d000-9b67e000 r--p 00001000 08:21 2076104    /usr/lib/libxcb-shm.so.0.0.0
9b67e000-9b67f000 rw-p 00002000 08:21 2076104    /usr/lib/libxcb-shm.so.0.0.0
9b67f000-9b726000 r-xp 00000000 08:21 1988207    /usr/lib/libpixman-1.so.0.32.4
9b726000-9b72b000 r--p 000a7000 08:21 1988207    /usr/lib/libpixman-1.so.0.32.4
9b72b000-9b72c000 rw-p 000ac000 08:21 1988207    /usr/lib/libpixman-1.so.0.32.4
9b72c000-9b74d000 r-xp 00000000 08:21 2076095    /usr/lib/libxcb.so.1.1.0
9b74d000-9b74e000 r--p 00020000 08:21 2076095    /usr/lib/libxcb.so.1.1.0
9b74e000-9b74f000 rw-p 00021000 08:21 2076095    /usr/lib/libxcb.so.1.1.0
9b74f000-9b750000 r-xp 00000000 08:21 1974642    /usr/lib/libgthread-2.0.so.0.3800.2
9b750000-9b751000 r--p 00000000 08:21 1974642    /usr/lib/libgthread-2.0.so.0.3800.2
9b751000-9b752000 rw-p 00001000 08:21 1974642    /usr/lib/libgthread-2.0.so.0.3800.2
9b752000-9b763000 r-xp 00000000 08:21 1988103    /usr/lib/libXext.so.6.4.0
9b763000-9b764000 r--p 00010000 08:21 1988103    /usr/lib/libXext.so.6.4.0
9b764000-9b765000 rw-p 00011000 08:21 1988103    /usr/lib/libXext.so.6.4.0
9b765000-9b76e000 r-xp 00000000 08:21 1992648    /usr/lib/libXcursor.so.1.0.2
9b76e000-9b76f000 r--p 00009000 08:21 1992648    /usr/lib/libXcursor.so.1.0.2
9b76f000-9b770000 rw-p 0000a000 08:21 1992648    /usr/lib/libXcursor.so.1.0.2
9b770000-9b779000 r-xp 00000000 08:21 1989139    /usr/lib/libXrandr.so.2.2.0
9b779000-9b77a000 r--p 00008000 08:21 1989139    /usr/lib/libXrandr.so.2.2.0
9b77a000-9b77b000 rw-p 00009000 08:21 1989139    /usr/lib/libXrandr.so.2.2.0
9b77b000-9b78a000 r-xp 00000000 08:21 1988917    /usr/lib/libXi.so.6.1.0
9b78a000-9b78b000 r--p 0000e000 08:21 1988917    /usr/lib/libXi.so.6.1.0
9b78b000-9b78c000 rw-p 0000f000 08:21 1988917    /usr/lib/libXi.so.6.1.0
9b78c000-9b78e000 r-xp 00000000 08:21 1995586    /usr/lib/libXinerama.so.1.0.0
9b78e000-9b78f000 r--p 00001000 08:21 1995586    /usr/lib/libXinerama.so.1.0.0
9b78f000-9b790000 rw-p 00002000 08:21 1995586    /usr/lib/libXinerama.so.1.0.0
9b790000-9b7e9000 r-xp 00000000 08:21 1988772    /usr/lib/libXt.so.6.0.0
9b7e9000-9b7ea000 r--p 00058000 08:21 1988772    /usr/lib/libXt.so.6.0.0
9b7ea000-9b7ed000 rw-p 00059000 08:21 1988772    /usr/lib/libXt.so.6.0.0
9b7ed000-9b7f6000 r-xp 00000000 08:21 1988791    /usr/lib/libXrender.so.1.3.0
9b7f6000-9b7f7000 r--p 00008000 08:21 1988791    /usr/lib/libXrender.so.1.3.0
9b7f7000-9b7f8000 rw-p 00009000 08:21 1988791    /usr/lib/libXrender.so.1.3.0
9b7f8000-9b7fa000 r-xp 00000000 08:21 1988143    /usr/lib/libXdamage.so.1.1.0
9b7fa000-9b7fb000 r--p 00001000 08:21 1988143    /usr/lib/libXdamage.so.1.1.0
9b7fb000-9b7fc000 rw-p 00002000 08:21 1988143    /usr/lib/libXdamage.so.1.1.0
9b7fc000-9b84a000 r-xp 00000000 08:21 2009623    /usr/lib/libwebp.so.5.0.0
9b84a000-9b84b000 r--p 0004e000 08:21 2009623    /usr/lib/libwebp.so.5.0.0
9b84b000-9b84c000 rw-p 0004f000 08:21 2009623    /usr/lib/libwebp.so.5.0.0
9b84c000-9b84e000 rw-p 00000000 00:00 0 
9b84e000-9b9b0000 r-xp 00000000 08:21 1990862    /usr/lib/libicuuc.so.52.1
9b9b0000-9b9ba000 r--p 00161000 08:21 1990862    /usr/lib/libicuuc.so.52.1
9b9ba000-9b9bb000 rw-p 0016b000 08:21 1990862    /usr/lib/libicuuc.so.52.1
9b9bb000-9b9bf000 rw-p 00000000 00:00 0 
9b9bf000-9bbc4000 r-xp 00000000 08:21 1990856    /usr/lib/libicui18n.so.52.1
9bbc4000-9bbc5000 ---p 00205000 08:21 1990856    /usr/lib/libicui18n.so.52.1
9bbc5000-9bbcc000 r--p 00205000 08:21 1990856    /usr/lib/libicui18n.so.52.1
9bbcc000-9bbcd000 rw-p 0020c000 08:21 1990856    /usr/lib/libicui18n.so.52.1
9bbcd000-9bbce000 rw-p 00000000 00:00 0 
9bbce000-9bc88000 r-xp 00000000 08:21 2005603    /usr/lib/libsqlite3.so.0.8.6
9bc88000-9bc8a000 r--p 000b9000 08:21 2005603    /usr/lib/libsqlite3.so.0.8.6
9bc8a000-9bc8c000 rw-p 000bb000 08:21 2005603    /usr/lib/libsqlite3.so.0.8.6
9bc8c000-9bd28000 r-xp 00000000 08:21 2074099    /usr/lib/libfreetype.so.6.11.1
9bd28000-9bd2c000 r--p 0009b000 08:21 2074099    /usr/lib/libfreetype.so.6.11.1
9bd2c000-9bd2d000 rw-p 0009f000 08:21 2074099    /usr/lib/libfreetype.so.6.11.1
9bd2d000-9bd4e000 r-xp 00000000 08:21 1988158    /usr/lib/libEGL.so.1.0.0
9bd4e000-9bd4f000 r--p 00021000 08:21 1988158    /usr/lib/libEGL.so.1.0.0
9bd4f000-9bd50000 rw-p 00022000 08:21 1988158    /usr/lib/libEGL.so.1.0.0
9bd50000-9bdd8000 r-xp 00000000 08:21 1969473    /usr/lib/libGL.so.173.14.39
9bdd8000-9bdf3000 rwxp 00088000 08:21 1969473    /usr/lib/libGL.so.173.14.39
9bdf3000-9bdf4000 rwxp 00000000 00:00 0 
9bdf4000-9bf47000 r-xp 00000000 08:21 1972323    /usr/lib/libxml2.so.2.9.1
9bf47000-9bf48000 ---p 00153000 08:21 1972323    /usr/lib/libxml2.so.2.9.1
9bf48000-9bf4c000 r--p 00153000 08:21 1972323    /usr/lib/libxml2.so.2.9.1
9bf4c000-9bf4d000 rw-p 00157000 08:21 1972323    /usr/lib/libxml2.so.2.9.1
9bf4d000-9bf4e000 rw-p 00000000 00:00 0 
9bf4e000-9bf8a000 r-xp 00000000 08:21 1991011    /usr/lib/libxslt.so.1.1.28
9bf8a000-9bf8b000 r--p 0003b000 08:21 1991011    /usr/lib/libxslt.so.1.1.28
9bf8b000-9bf8c000 rw-p 0003c000 08:21 1991011    /usr/lib/libxslt.so.1.1.28
9bf8c000-9c01c000 r-xp 00000000 08:21 2063400    /usr/lib/libsoup-2.4.so.1.7.0
9c01c000-9c01e000 r--p 0008f000 08:21 2063400    /usr/lib/libsoup-2.4.so.1.7.0
9c01e000-9c02b000 rw-p 00091000 08:21 2063400    /usr/lib/libsoup-2.4.so.1.7.0
9c02b000-9c076000 r-xp 00000000 08:21 2064313    /usr/lib/libsecret-1.so.0.0.0
9c076000-9c078000 r--p 0004a000 08:21 2064313    /usr/lib/libsecret-1.so.0.0.0
9c078000-9c079000 rw-p 0004c000 08:21 2064313    /usr/lib/libsecret-1.so.0.0.0
9c079000-9c176000 r-xp 00000000 08:21 1998253    /usr/lib/libgstreamer-1.0.so.0.203.0
9c176000-9c179000 r--p 000fc000 08:21 1998253    /usr/lib/libgstreamer-1.0.so.0.203.0
9c179000-9c17a000 rw-p 000ff000 08:21 1998253    /usr/lib/libgstreamer-1.0.so.0.203.0
9c17a000-9c17b000 rw-p 00000000 00:00 0 
9c17b000-9c1dc000 r-xp 00000000 08:21 1998254    /usr/lib/libgstbase-1.0.so.0.203.0
9c1dc000-9c1dd000 r--p 00061000 08:21 1998254    /usr/lib/libgstbase-1.0.so.0.203.0
9c1dd000-9c1de000 rw-p 00062000 08:21 1998254    /usr/lib/libgstbase-1.0.so.0.203.0
9c1de000-9c221000 r-xp 00000000 08:21 1998330    /usr/lib/libgstvideo-1.0.so.0.203.0
9c221000-9c222000 r--p 00043000 08:21 1998330    /usr/lib/libgstvideo-1.0.so.0.203.0
9c222000-9c225000 rw-p 00044000 08:21 1998330    /usr/lib/libgstvideo-1.0.so.0.203.0
9c225000-9c247000 r-xp 00000000 08:21 1998332    /usr/lib/libgstpbutils-1.0.so.0.203.0
9c247000-9c248000 ---p 00022000 08:21 1998332    /usr/lib/libgstpbutils-1.0.so.0.203.0
9c248000-9c249000 r--p 00022000 08:21 1998332    /usr/lib/libgstpbutils-1.0.so.0.203.0
9c249000-9c24a000 rw-p 00023000 08:21 1998332    /usr/lib/libgstpbutils-1.0.so.0.203.0
9c24a000-9c254000 r-xp 00000000 08:21 1998326    /usr/lib/libgstfft-1.0.so.0.203.0
9c254000-9c255000 r--p 00009000 08:21 1998326    /usr/lib/libgstfft-1.0.so.0.203.0
9c255000-9c256000 rw-p 0000a000 08:21 1998326    /usr/lib/libgstfft-1.0.so.0.203.0
9c256000-9c2a5000 r-xp 00000000 08:21 1998331    /usr/lib/libgstaudio-1.0.so.0.203.0
9c2a5000-9c2a6000 r--p 0004e000 08:21 1998331    /usr/lib/libgstaudio-1.0.so.0.203.0
9c2a6000-9c2a7000 rw-p 0004f000 08:21 1998331    /usr/lib/libgstaudio-1.0.so.0.203.0
9c2a7000-9c2b2000 r-xp 00000000 08:21 1998334    /usr/lib/libgstapp-1.0.so.0.203.0
9c2b2000-9c2b3000 r--p 0000b000 08:21 1998334    /usr/lib/libgstapp-1.0.so.0.203.0
9c2b3000-9c2b4000 rw-p 0000c000 08:21 1998334    /usr/lib/libgstapp-1.0.so.0.203.0
9c2b4000-9c2c7000 r-xp 00000000 08:21 2007275    /usr/lib/libgeoclue.so.0.0.0
9c2c7000-9c2c8000 r--p 00012000 08:21 2007275    /usr/lib/libgeoclue.so.0.0.0
9c2c8000-9c2c9000 rw-p 00013000 08:21 2007275    /usr/lib/libgeoclue.so.0.0.0
9c2c9000-9c31e000 r-xp 00000000 08:21 2054068    /usr/lib/libharfbuzz.so.0.926.0
9c31e000-9c31f000 r--p 00054000 08:21 2054068    /usr/lib/libharfbuzz.so.0.926.0
9c31f000-9c320000 rw-p 00055000 08:21 2054068    /usr/lib/libharfbuzz.so.0.926.0
9c320000-9c32a000 r-xp 00000000 08:21 1991371    /usr/lib/libenchant.so.1.6.0
9c32a000-9c32b000 r--p 00009000 08:21 1991371    /usr/lib/libenchant.so.1.6.0
9c32b000-9c32c000 rw-p 0000a000 08:21 1991371    /usr/lib/libenchant.so.1.6.0
9c32c000-9c8ea000 r-xp 00000000 08:21 2074465    /usr/lib/libjavascriptcoregtk-1.0.so.0.15.10
9c8ea000-9c8f3000 r--p 005be000 08:21 2074465    /usr/lib/libjavascriptcoregtk-1.0.so.0.15.10
9c8f3000-9c8f9000 rw-p 005c7000 08:21 2074465    /usr/lib/libjavascriptcoregtk-1.0.so.0.15.10
9c8f9000-9c90b000 rw-p 00000000 00:00 0 
9c90b000-9c910000 r-xp 00000000 08:21 1974528    /usr/lib/libffi.so.6.0.1
9c910000-9c911000 r--p 00005000 08:21 1974528    /usr/lib/libffi.so.6.0.1
9c911000-9c912000 rw-p 00006000 08:21 1974528    /usr/lib/libffi.so.6.0.1
9c912000-9c97b000 r-xp 00000000 08:21 1974508    /usr/lib/libpcre.so.1.2.2
9c97b000-9c97c000 r--p 00068000 08:21 1974508    /usr/lib/libpcre.so.1.2.2
9c97c000-9c97d000 rw-p 00069000 08:21 1974508    /usr/lib/libpcre.so.1.2.2
9c97d000-9c9b6000 r-xp 00000000 08:21 2008460    /usr/lib/libfontconfig.so.1.8.0
9c9b6000-9c9b7000 r--p 00039000 08:21 2008460    /usr/lib/libfontconfig.so.1.8.0
9c9b7000-9c9b8000 rw-p 0003a000 08:21 2008460    /usr/lib/libfontconfig.so.1.8.0
9c9b8000-9c9cc000 r-xp 00000000 08:21 1993042    /usr/lib/libpangoft2-1.0.so.0.3600.2
9c9cc000-9c9cd000 r--p 00013000 08:21 1993042    /usr/lib/libpangoft2-1.0.so.0.3600.2
9c9cd000-9c9ce000 rw-p 00014000 08:21 1993042    /usr/lib/libpangoft2-1.0.so.0.3600.2
9c9ce000-9cb38000 r-xp 00000000 08:21 1974644    /usr/lib/libgio-2.0.so.0.3800.2
9cb38000-9cb39000 ---p 0016a000 08:21 1974644    /usr/lib/libgio-2.0.so.0.3800.2
9cb39000-9cb3b000 r--p 0016a000 08:21 1974644    /usr/lib/libgio-2.0.so.0.3800.2
9cb3b000-9cb3c000 rw-p 0016c000 08:21 1974644    /usr/lib/libgio-2.0.so.0.3800.2
9cb3c000-9cb3d000 rw-p 00000000 00:00 0 
9cb3d000-9cb5c000 r-xp 00000000 08:21 1971729    /usr/lib/libatk-1.0.so.0.21009.1
9cb5c000-9cb5e000 r--p 0001e000 08:21 1971729    /usr/lib/libatk-1.0.so.0.21009.1
9cb5e000-9cb5f000 rw-p 00020000 08:21 1971729    /usr/lib/libatk-1.0.so.0.21009.1
9cb5f000-9cb63000 r-xp 00000000 08:21 1988138    /usr/lib/libXfixes.so.3.1.0
9cb63000-9cb64000 r--p 00003000 08:21 1988138    /usr/lib/libXfixes.so.3.1.0
9cb64000-9cb65000 rw-p 00004000 08:21 1988138    /usr/lib/libXfixes.so.3.1.0
9cb65000-9cb8b000 r-xp 00000000 08:21 1974257    /usr/lib/libexpat.so.1.6.0
9cb8b000-9cb8d000 r--p 00025000 08:21 1974257    /usr/lib/libexpat.so.1.6.0
9cb8d000-9cb8e000 rw-p 00027000 08:21 1974257    /usr/lib/libexpat.so.1.6.0
9cb8e000-9cbfd000 r-xp 00000000 08:21 1989093    /usr/lib/libtiff.so.5.2.0
9cbfd000-9cbfe000 ---p 0006f000 08:21 1989093    /usr/lib/libtiff.so.5.2.0
9cbfe000-9cbff000 r--p 0006f000 08:21 1989093    /usr/lib/libtiff.so.5.2.0
9cbff000-9cc02000 rw-p 00070000 08:21 1989093    /usr/lib/libtiff.so.5.2.0
9cc02000-9cc4b000 r-xp 00000000 08:21 1988978    /usr/lib/libjpeg.so.8.0.2
9cc4b000-9cc4c000 r--p 00048000 08:21 1988978    /usr/lib/libjpeg.so.8.0.2
9cc4c000-9cc4d000 rw-p 00049000 08:21 1988978    /usr/lib/libjpeg.so.8.0.2
9cc4d000-9cc5d000 rw-p 00000000 00:00 0 
9cc5d000-9cc94000 r-xp 00000000 08:21 1989100    /usr/lib/libpng16.so.16.9.0
9cc94000-9cc95000 r--p 00036000 08:21 1989100    /usr/lib/libpng16.so.16.9.0
9cc95000-9cc96000 rw-p 00037000 08:21 1989100    /usr/lib/libpng16.so.16.9.0
9cc96000-9cdcb000 r-xp 00000000 08:21 1992976    /usr/lib/libcairo.so.2.11200.16
9cdcb000-9cdcd000 r--p 00135000 08:21 1992976    /usr/lib/libcairo.so.2.11200.16
9cdcd000-9cdce000 rw-p 00137000 08:21 1992976    /usr/lib/libcairo.so.2.11200.16
9cdce000-9cdcf000 rw-p 00000000 00:00 0 
9cdcf000-9cf02000 r-xp 00000000 08:21 1987217    /usr/lib/libX11.so.6.3.0
9cf02000-9cf03000 r--p 00132000 08:21 1987217    /usr/lib/libX11.so.6.3.0
9cf03000-9cf06000 rw-p 00133000 08:21 1987217    /usr/lib/libX11.so.6.3.0
9cf06000-9cf4e000 r-xp 00000000 08:21 1993040    /usr/lib/libpango-1.0.so.0.3600.2
9cf4e000-9cf4f000 ---p 00048000 08:21 1993040    /usr/lib/libpango-1.0.so.0.3600.2
9cf4f000-9cf50000 r--p 00048000 08:21 1993040    /usr/lib/libpango-1.0.so.0.3600.2
9cf50000-9cf51000 rw-p 00049000 08:21 1993040    /usr/lib/libpango-1.0.so.0.3600.2
9cf51000-9cffd000 r-xp 00000000 08:21 1971820    /usr/lib/libgdk-x11-2.0.so.0.2400.22
9cffd000-9cfff000 r--p 000ab000 08:21 1971820    /usr/lib/libgdk-x11-2.0.so.0.2400.22
9cfff000-9d000000 rw-p 000ad000 08:21 1971820    /usr/lib/libgdk-x11-2.0.so.0.2400.22
9d000000-9d100000 rw-p 00000000 00:00 0 
9d100000-9d101000 r--s 00000000 08:21 1842857    /var/cache/fontconfig/bc761b427017654ffbe9186c87039273-le32d4.cache-4
9d101000-9d103000 r-xp 00000000 08:21 1995583    /usr/lib/libXcomposite.so.1.0.0
9d103000-9d104000 r--p 00001000 08:21 1995583    /usr/lib/libXcomposite.so.1.0.0
9d104000-9d105000 rw-p 00002000 08:21 1995583    /usr/lib/libXcomposite.so.1.0.0
9d105000-9d11a000 r-xp 00000000 08:21 1972460    /usr/lib/libz.so.1.2.8
9d11a000-9d11b000 r--p 00014000 08:21 1972460    /usr/lib/libz.so.1.2.8
9d11b000-9d11c000 rw-p 00015000 08:21 1972460    /usr/lib/libz.so.1.2.8
9d11c000-9d140000 r-xp 00000000 08:21 2004585    /usr/lib/libgdk_pixbuf-2.0.so.0.3000.6
9d140000-9d141000 r--p 00023000 08:21 2004585    /usr/lib/libgdk_pixbuf-2.0.so.0.3000.6
9d141000-9d142000 rw-p 00024000 08:21 2004585    /usr/lib/libgdk_pixbuf-2.0.so.0.3000.6
9d142000-9ecb9000 r-xp 00000000 08:21 2074466    /usr/lib/libwebkitgtk-1.0.so.0.19.13
9ecb9000-9ecba000 ---p 01b77000 08:21 2074466    /usr/lib/libwebkitgtk-1.0.so.0.19.13
9ecba000-9ed80000 r--p 01b77000 08:21 2074466    /usr/lib/libwebkitgtk-1.0.so.0.19.13
9ed80000-9ed8e000 rw-p 01c3d000 08:21 2074466    /usr/lib/libwebkitgtk-1.0.so.0.19.13
9ed8e000-9ed95000 rw-p 00000000 00:00 0 
9ed95000-9ee97000 r-xp 00000000 08:21 1974640    /usr/lib/libglib-2.0.so.0.3800.2
9ee97000-9ee98000 r--p 00101000 08:21 1974640    /usr/lib/libglib-2.0.so.0.3800.2
9ee98000-9ee99000 rw-p 00102000 08:21 1974640    /usr/lib/libglib-2.0.so.0.3800.2
9ee99000-9eee8000 r-xp 00000000 08:21 1974643    /usr/lib/libgobject-2.0.so.0.3800.2
9eee8000-9eee9000 r--p 0004e000 08:21 1974643    /usr/lib/libgobject-2.0.so.0.3800.2
9eee9000-9eeea000 rw-p 0004f000 08:21 1974643    /usr/lib/libgobject-2.0.so.0.3800.2
9eeea000-9f348000 r-xp 00000000 08:21 1971821    /usr/lib/libgtk-x11-2.0.so.0.2400.22
9f348000-9f34c000 r--p 0045d000 08:21 1971821    /usr/lib/libgtk-x11-2.0.so.0.2400.22
9f34c000-9f34e000 rw-p 00461000 08:21 1971821    /usr/lib/libgtk-x11-2.0.so.0.2400.22
9f34e000-9f350000 rw-p 00000000 00:00 0 
9f350000-9f36b000 r-xp 00000000 08:21 1975393    /usr/lib/libgcc_s.so.1
9f36b000-9f36c000 rw-p 0001a000 08:21 1975393    /usr/lib/libgcc_s.so.1
9f36c000-9f449000 r-xp 00000000 08:21 2054078    /usr/lib/libstdc++.so.6.0.19
9f449000-9f44d000 r--p 000dc000 08:21 2054078    /usr/lib/libstdc++.so.6.0.19
9f44d000-9f44e000 rw-p 000e0000 08:21 2054078    /usr/lib/libstdc++.so.6.0.19
9f44e000-9f455000 rw-p 00000000 00:00 0 
9f455000-9f6c8000 r-xp 00000000 08:21 1995766    /usr/lib/libwx_baseu-3.0.so.0.0.0
9f6c8000-9f6cf000 r--p 00272000 08:21 1995766    /usr/lib/libwx_baseu-3.0.so.0.0.0
9f6cf000-9f6d1000 rw-p 00279000 08:21 1995766    /usr/lib/libwx_baseu-3.0.so.0.0.0
9f6d1000-9f6da000 rw-p 00000000 00:00 0 
9f6da000-9f71f000 r-xp 00000000 08:21 1995871    /usr/lib/libwx_baseu_net-3.0.so.0.0.0
9f71f000-9f721000 r--p 00044000 08:21 1995871    /usr/lib/libwx_baseu_net-3.0.so.0.0.0
9f721000-9f722000 rw-p 00046000 08:21 1995871    /usr/lib/libwx_baseu_net-3.0.so.0.0.0
9f722000-9f730000 r-xp 00000000 08:21 1994707    /usr/lib/libwx_baseu_xml-3.0.so.0.0.0
9f730000-9f731000 r--p 0000d000 08:21 1994707    /usr/lib/libwx_baseu_xml-3.0.so.0.0.0
9f731000-9f732000 rw-p 0000e000 08:21 1994707    /usr/lib/libwx_baseu_xml-3.0.so.0.0.0
9f732000-9fc38000 r-xp 00000000 08:21 1994611    /usr/lib/libwx_gtk2u_core-3.0.so.0.0.0
9fc38000-9fc77000 r--p 00505000 08:21 1994611    /usr/lib/libwx_gtk2u_core-3.0.so.0.0.0
9fc77000-9fc7b000 rw-p 00544000 08:21 1994611    /usr/lib/libwx_gtk2u_core-3.0.so.0.0.0
9fc7b000-9fc82000 rw-p 00000000 00:00 0 
9fc82000-9fe06000 r-xp 00000000 08:21 1995872    /usr/lib/libwx_gtk2u_adv-3.0.so.0.0.0
9fe06000-9fe1b000 r--p 00184000 08:21 1995872    /usr/lib/libwx_gtk2u_adv-3.0.so.0.0.0
9fe1b000-9fe1d000 rw-p 00199000 08:21 1995872    /usr/lib/libwx_gtk2u_adv-3.0.so.0.0.0
9fe1d000-9fe1f000 rw-p 00000000 00:00 0 
9fe1f000-9fe43000 r-xp 00000000 08:21 1994680    /usr/lib/libwx_gtk2u_qa-3.0.so.0.0.0
9fe43000-9fe45000 r--p 00023000 08:21 1994680    /usr/lib/libwx_gtk2u_qa-3.0.so.0.0.0
9fe45000-9fe46000 rw-p 00025000 08:21 1994680    /usr/lib/libwx_gtk2u_qa-3.0.so.0.0.0
9fe46000-9fefa000 r-xp 00000000 08:21 1995772    /usr/lib/libwx_gtk2u_html-3.0.so.0.0.0
9fefa000-9ff02000 r--p 000b3000 08:21 1995772    /usr/lib/libwx_gtk2u_html-3.0.so.0.0.0
9ff02000-9ff04000 rw-p 000bb000 08:21 1995772    /usr/lib/libwx_gtk2u_html-3.0.so.0.0.0
9ff04000-9ff21000 r-xp 00000000 08:21 1995674    /usr/lib/libwx_gtk2u_webview-3.0.so.0.0.0
9ff21000-9ff22000 r--p 0001c000 08:21 1995674    /usr/lib/libwx_gtk2u_webview-3.0.so.0.0.0
9ff22000-9ff23000 rw-p 0001d000 08:21 1995674    /usr/lib/libwx_gtk2u_webview-3.0.so.0.0.0
9ff23000-a0026000 r-xp 00000000 08:21 1994628    /usr/lib/libwx_gtk2u_xrc-3.0.so.0.0.0
a0026000-a002f000 r--p 00102000 08:21 1994628    /usr/lib/libwx_gtk2u_xrc-3.0.so.0.0.0
a002f000-a0030000 rw-p 0010b000 08:21 1994628    /usr/lib/libwx_gtk2u_xrc-3.0.so.0.0.0
a0030000-a0031000 rw-p 00000000 00:00 0 
a0031000-a0032000 r--s 00000000 08:21 1214562    /home/abhinav/.cache/fontconfig/d63f3a5c0e24ab167e4683a8d5eceeb8-le32d4.cache-4
a0032000-a0033000 r--s 00000000 08:21 1841490    /var/cache/fontconfig/6ba42ae0000f58711b5caaf10d690066-le32d4.cache-4
a0033000-a0045000 r-xp 00000000 08:21 1994542    /usr/lib/libtdb.so.1.2.12
a0045000-a0046000 r--p 00011000 08:21 1994542    /usr/lib/libtdb.so.1.2.12
a0046000-a0047000 rw-p 00012000 08:21 1994542    /usr/lib/libtdb.so.1.2.12
a0047000-a004f000 r-xp 00000000 08:21 1992673    /usr/lib/libvorbisfile.so.3.3.6
a004f000-a0050000 r--p 00007000 08:21 1992673    /usr/lib/libvorbisfile.so.3.3.6
a0050000-a0051000 rw-p 00008000 08:21 1992673    /usr/lib/libvorbisfile.so.3.3.6
a0051000-a0061000 r-xp 00000000 08:21 1994594    /usr/lib/libcanberra.so.0.2.5
a0061000-a0062000 r--p 0000f000 08:21 1994594    /usr/lib/libcanberra.so.0.2.5
a0062000-a0063000 rw-p 00010000 08:21 1994594    /usr/lib/libcanberra.so.0.2.5
a0063000-a0067000 r-xp 00000000 08:21 1994596    /usr/lib/libcanberra-gtk.so.0.1.9
a0067000-a0068000 r--p 00003000 08:21 1994596    /usr/lib/libcanberra-gtk.so.0.1.9
a0068000-a0069000 rw-p 00004000 08:21 1994596    /usr/lib/libcanberra-gtk.so.0.1.9
a0069000-a006d000 r-xp 00000000 08:21 2755463    /usr/lib/gtk-2.0/modules/libcanberra-gtk-module.so
a006d000-a006e000 r--p 00004000 08:21 2755463    /usr/lib/gtk-2.0/modules/libcanberra-gtk-module.so
a006e000-a006f000 rw-p 00005000 08:21 2755463    /usr/lib/gtk-2.0/modules/libcanberra-gtk-module.so
a006f000-a0071000 r-xp 00000000 08:21 2005678    /usr/lib/gconv/UTF-32.so
a0071000-a0072000 r--p 00001000 08:21 2005678    /usr/lib/gconv/UTF-32.so
a0072000-a0073000 rw-p 00002000 08:21 2005678    /usr/lib/gconv/UTF-32.so
a0073000-a0075000 rwxp 00000000 00:05 1044       /dev/zero
a0075000-a0076000 ---p 00000000 00:00 0 
a0076000-a00f6000 rwxp 00000000 00:00 0          [stack:12722]
a00f6000-a00f7000 ---p 00000000 00:00 0 
a00f7000-a0177000 rwxp 00000000 00:00 0          [stack:12720]
a0177000-a0300000 r--p 00000000 08:21 2045764    /usr/lib/locale/locale-archive
a0300000-a0321000 rw-p 00000000 00:00 0 
a0321000-a0400000 ---p 00000000 00:00 0 
a0400000-a0402000 r-xp 00000000 08:21 2063565    /usr/lib/libharfbuzz-icu.so.0.926.0
a0402000-a0403000 r--p 00001000 08:21 2063565    /usr/lib/libharfbuzz-icu.so.0.926.0
a0403000-a0404000 rw-p 00002000 08:21 2063565    /usr/lib/libharfbuzz-icu.so.0.926.0
a0404000-a040b000 r-xp 00000000 08:21 1988497    /usr/lib/libSM.so.6.0.1
a040b000-a040c000 r--p 00006000 08:21 1988497    /usr/lib/libSM.so.6.0.1
a040c000-a040d000 rw-p 00007000 08:21 1988497    /usr/lib/libSM.so.6.0.1
a040d000-a0500000 rwxp 00000000 00:00 0          [stack:12718]
a0500000-a0566000 rw-p 00000000 00:00 0 
a0566000-a0600000 ---p 00000000 00:00 0 
a0600000-a0601000 r--s 00000000 08:21 1841487    /var/cache/fontconfig/f349e9996a5320f6dd491cedd2b1f964-le32d4.cache-4
a0601000-a060c000 r-xp 00000000 08:21 1993044    /usr/lib/libpangocairo-1.0.so.0.3600.2
a060c000-a060d000 r--p 0000a000 08:21 1993044    /usr/lib/libpangocairo-1.0.so.0.3600.2
a060d000-a060e000 rw-p 0000b000 08:21 1993044    /usr/lib/libpangocairo-1.0.so.0.3600.2
a060e000-a065f000 rwxp 00000000 00:00 0          [stack:12717]
a065f000-a0660000 ---p 00000000 00:00 0 
a0660000-a06e0000 rwxp 00000000 00:00 0          [stack:12716]
a06e0000-a072b000 rw-p 00000000 00:00 0 
a072b000-a08e8000 r--s 039f9000 08:21 538612     /opt/java/jre/lib/rt.jar
a08e8000-a08ef000 rw-p 00000000 00:00 0 
a08ef000-a0909000 rw-p 00000000 00:00 0 
a0909000-a090f000 rw-p 00000000 00:00 0 
a090f000-a095f000 rw-p 00000000 00:00 0 
a095f000-a0962000 rw-p 00000000 00:00 0 
a0962000-a0989000 rw-p 00000000 00:00 0 
a0989000-a098f000 rw-p 00000000 00:00 0 
a098f000-a09df000 rw-p 00000000 00:00 0 
a09df000-a09e5000 rw-p 00000000 00:00 0 
a09e5000-a09ff000 rw-p 00000000 00:00 0 
a09ff000-a0f50000 rw-p 00000000 00:00 0 
a0f50000-a5f50000 rw-p 00000000 00:00 0 
a5f50000-a6a00000 rw-p 00000000 00:00 0 
a6a00000-b0a00000 rw-p 00000000 00:00 0 
b0a00000-b1600000 rw-p 00000000 00:00 0 
b1600000-b4a00000 rw-p 00000000 00:00 0 
b4a00000-b4aa0000 rwxp 00000000 00:00 0 
b4aa0000-b6b00000 rw-p 00000000 00:00 0 
b6b00000-b6b01000 rw-p 00000000 00:00 0 
b6b01000-b6b05000 r-xp 00000000 08:21 1988131    /usr/lib/libXxf86vm.so.1.0.0
b6b05000-b6b06000 r--p 00004000 08:21 1988131    /usr/lib/libXxf86vm.so.1.0.0
b6b06000-b6b07000 rw-p 00005000 08:21 1988131    /usr/lib/libXxf86vm.so.1.0.0
b6b07000-b6b14000 r-xp 00000000 08:11 907        /run/media/abhinav/Data HD 2/Abhinav/Projects/swxTK-java/build/natives/libwxapp.so
b6b14000-b6b15000 rw-p 0000d000 08:11 907        /run/media/abhinav/Data HD 2/Abhinav/Projects/swxTK-java/build/natives/libwxapp.so
b6b15000-b6b18000 rw-p 00000000 00:00 0 
b6b18000-b6b95000 rw-p 00000000 00:00 0 
b6b95000-b6bac000 r-xp 00000000 08:21 539187     /opt/java/jre/lib/i386/libzip.so
b6bac000-b6bad000 rw-p 00017000 08:21 539187     /opt/java/jre/lib/i386/libzip.so
b6bad000-b6bb5000 rw-s 00000000 00:1e 109877     /tmp/hsperfdata_abhinav/12714
b6bb5000-b6bbc000 r-xp 00000000 08:21 1969515    /usr/lib/librt-2.19.so
b6bbc000-b6bbd000 r--p 00006000 08:21 1969515    /usr/lib/librt-2.19.so
b6bbd000-b6bbe000 rw-p 00007000 08:21 1969515    /usr/lib/librt-2.19.so
b6bbe000-b6bbf000 ---p 00000000 00:00 0 
b6bbf000-b6c0f000 rwxp 00000000 00:00 0          [stack:12715]
b6c0f000-b6c53000 r-xp 00000000 08:21 1969449    /usr/lib/libm-2.19.so
b6c53000-b6c54000 r--p 00043000 08:21 1969449    /usr/lib/libm-2.19.so
b6c54000-b6c55000 rw-p 00044000 08:21 1969449    /usr/lib/libm-2.19.so
b6c55000-b7167000 r-xp 00000000 08:21 539223     /opt/java/jre/lib/i386/client/libjvm.so
b7167000-b7184000 rw-p 00511000 08:21 539223     /opt/java/jre/lib/i386/client/libjvm.so
b7184000-b75a5000 rw-p 00000000 00:00 0 
b75a5000-b774c000 r-xp 00000000 08:21 1969521    /usr/lib/libc-2.19.so
b774c000-b774e000 r--p 001a7000 08:21 1969521    /usr/lib/libc-2.19.so
b774e000-b774f000 rw-p 001a9000 08:21 1969521    /usr/lib/libc-2.19.so
b774f000-b7752000 rw-p 00000000 00:00 0 
b7752000-b7755000 r-xp 00000000 08:21 1969468    /usr/lib/libdl-2.19.so
b7755000-b7756000 r--p 00002000 08:21 1969468    /usr/lib/libdl-2.19.so
b7756000-b7757000 rw-p 00003000 08:21 1969468    /usr/lib/libdl-2.19.so
b7757000-b776a000 r-xp 00000000 08:21 539221     /opt/java/jre/lib/i386/jli/libjli.so
b776a000-b776b000 rw-p 00012000 08:21 539221     /opt/java/jre/lib/i386/jli/libjli.so
b776b000-b7783000 r-xp 00000000 08:21 1969535    /usr/lib/libpthread-2.19.so
b7783000-b7784000 r--p 00017000 08:21 1969535    /usr/lib/libpthread-2.19.so
b7784000-b7785000 rw-p 00018000 08:21 1969535    /usr/lib/libpthread-2.19.so
b7785000-b7787000 rw-p 00000000 00:00 0 
b7787000-b778a000 r-xp 00000000 08:21 1974641    /usr/lib/libgmodule-2.0.so.0.3800.2
b778a000-b778b000 r--p 00002000 08:21 1974641    /usr/lib/libgmodule-2.0.so.0.3800.2
b778b000-b778c000 rw-p 00003000 08:21 1974641    /usr/lib/libgmodule-2.0.so.0.3800.2
b778c000-b7797000 r-xp 00000000 08:21 1969513    /usr/lib/libnss_files-2.19.so
b7797000-b7798000 r--p 0000a000 08:21 1969513    /usr/lib/libnss_files-2.19.so
b7798000-b7799000 rw-p 0000b000 08:21 1969513    /usr/lib/libnss_files-2.19.so
b7799000-b779a000 rw-p 00000000 00:00 0 
b779a000-b779b000 r--p 00000000 00:00 0 
b779b000-b77be000 r-xp 00000000 08:21 539175     /opt/java/jre/lib/i386/libjava.so
b77be000-b77bf000 rw-p 00022000 08:21 539175     /opt/java/jre/lib/i386/libjava.so
b77bf000-b77ca000 r-xp 00000000 08:21 539163     /opt/java/jre/lib/i386/libverify.so
b77ca000-b77cb000 rw-p 0000b000 08:21 539163     /opt/java/jre/lib/i386/libverify.so
b77cb000-b77cc000 rw-p 00000000 00:00 0 
b77cc000-b77cd000 r-xp 00000000 00:00 0          [vdso]
b77cd000-b77ed000 r-xp 00000000 08:21 1969500    /usr/lib/ld-2.19.so
b77ed000-b77ee000 r--p 0001f000 08:21 1969500    /usr/lib/ld-2.19.so
b77ee000-b77ef000 rw-p 00020000 08:21 1969500    /usr/lib/ld-2.19.so
bfd95000-bfdb5000 rwxp 00000000 00:00 0          [stack]
bfdb5000-bfdb6000 rw-p 00000000 00:00 0 

VM Arguments:
jvm_args: -Xdebug -Djava.library.path=./natives 
java_command: myApp
Launcher Type: SUN_STANDARD

Environment Variables:
JAVA_HOME=/opt/java
PATH=/usr/local/sbin:/usr/local/bin:/usr/bin:/opt/java/bin:/opt/java/db/bin:/opt/java/jre/bin:/usr/bin/vendor_perl:/usr/bin/core_perl
SHELL=/bin/bash
DISPLAY=:0

Signal Handlers:
SIGSEGV: [libjvm.so+0x491ad0], sa_mask[0]=0x7ffbfeff, sa_flags=0x10000004
SIGBUS: [libjvm.so+0x491ad0], sa_mask[0]=0x7ffbfeff, sa_flags=0x10000004
SIGFPE: [libjvm.so+0x3a55a0], sa_mask[0]=0x7ffbfeff, sa_flags=0x10000004
SIGPIPE: SIG_IGN, sa_mask[0]=0x00001000, sa_flags=0x10000000
SIGXFSZ: [libjvm.so+0x3a55a0], sa_mask[0]=0x7ffbfeff, sa_flags=0x10000004
SIGILL: [libjvm.so+0x3a55a0], sa_mask[0]=0x7ffbfeff, sa_flags=0x10000004
SIGUSR1: SIG_DFL, sa_mask[0]=0x00000000, sa_flags=0x00000000
SIGUSR2: [libjvm.so+0x3a4e80], sa_mask[0]=0x00000000, sa_flags=0x10000004
SIGHUP: [libjvm.so+0x3a7470], sa_mask[0]=0x7ffbfeff, sa_flags=0x10000004
SIGINT: [libjvm.so+0x3a7470], sa_mask[0]=0x7ffbfeff, sa_flags=0x10000004
SIGTERM: [libjvm.so+0x3a7470], sa_mask[0]=0x7ffbfeff, sa_flags=0x10000004
SIGQUIT: [libjvm.so+0x3a7470], sa_mask[0]=0x7ffbfeff, sa_flags=0x10000004


---------------  S Y S T E M  ---------------

OS:Linux
uname:Linux 3.13.5-1-ARCH #1 SMP PREEMPT Sun Feb 23 00:10:07 CET 2014 i686
libc:glibc 2.19 NPTL 2.19 
rlimit: STACK 8192k, CORE 0k, NPROC 16122, NOFILE 4096, AS infinity
load average:2.30 2.20 1.57

/proc/meminfo:
MemTotal:        2067312 kB
MemFree:          476692 kB
Buffers:           24592 kB
Cached:           294180 kB
SwapCached:        26844 kB
Active:           621988 kB
Inactive:         867604 kB
Active(anon):     583956 kB
Inactive(anon):   668864 kB
Active(file):      38032 kB
Inactive(file):   198740 kB
Unevictable:           0 kB
Mlocked:               0 kB
HighTotal:       1187288 kB
HighFree:         160388 kB
LowTotal:         880024 kB
LowFree:          316304 kB
SwapTotal:        522108 kB
SwapFree:             80 kB
Dirty:               196 kB
Writeback:             0 kB
AnonPages:       1144556 kB
Mapped:           165568 kB
Shmem:             81772 kB
Slab:              36092 kB
SReclaimable:      16796 kB
SUnreclaim:        19296 kB
KernelStack:        4728 kB
PageTables:        17644 kB
NFS_Unstable:          0 kB
Bounce:                0 kB
WritebackTmp:          0 kB
CommitLimit:     1555764 kB
Committed_AS:    7089976 kB
VmallocTotal:     122880 kB
VmallocUsed:       32232 kB
VmallocChunk:      77300 kB
HardwareCorrupted:     0 kB
AnonHugePages:    167936 kB
HugePages_Total:       0
HugePages_Free:        0
HugePages_Rsvd:        0
HugePages_Surp:        0
Hugepagesize:       4096 kB
DirectMap4k:       65528 kB
DirectMap4M:      843776 kB


CPU:total 2 (1 cores per cpu, 2 threads per core) family 15 model 2 stepping 9, cmov, cx8, fxsr, mmx, sse, sse2, ht, tsc

/proc/cpuinfo:
processor	: 0
vendor_id	: GenuineIntel
cpu family	: 15
model		: 2
model name	: Intel(R) Pentium(R) 4 CPU 3.00GHz
stepping	: 9
microcode	: 0x21
cpu MHz		: 2992.491
cache size	: 512 KB
physical id	: 0
siblings	: 2
core id		: 0
cpu cores	: 1
apicid		: 0
initial apicid	: 0
fdiv_bug	: no
f00f_bug	: no
coma_bug	: no
fpu		: yes
fpu_exception	: yes
cpuid level	: 2
wp		: yes
flags		: fpu vme de pse tsc msr pae mce cx8 apic sep mtrr pge mca cmov pat pse36 clflush dts acpi mmx fxsr sse sse2 ss ht tm pbe pebs bts cid xtpr
bogomips	: 5987.35
clflush size	: 64
cache_alignment	: 128
address sizes	: 36 bits physical, 32 bits virtual
power management:

processor	: 1
vendor_id	: GenuineIntel
cpu family	: 15
model		: 2
model name	: Intel(R) Pentium(R) 4 CPU 3.00GHz
stepping	: 9
microcode	: 0x21
cpu MHz		: 2992.491
cache size	: 512 KB
physical id	: 0
siblings	: 2
core id		: 0
cpu cores	: 1
apicid		: 1
initial apicid	: 1
fdiv_bug	: no
f00f_bug	: no
coma_bug	: no
fpu		: yes
fpu_exception	: yes
cpuid level	: 2
wp		: yes
flags		: fpu vme de pse tsc msr pae mce cx8 apic sep mtrr pge mca cmov pat pse36 clflush dts acpi mmx fxsr sse sse2 ss ht tm pbe pebs bts cid xtpr
bogomips	: 5986.91
clflush size	: 64
cache_alignment	: 128
address sizes	: 36 bits physical, 32 bits virtual
power management:



Memory: 4k page, physical 2067312k(476072k free), swap 522108k(80k free)

vm_info: Java HotSpot(TM) Client VM (23.25-b01) for linux-x86 JRE (1.7.0_25-b15), built on Jun  5 2013 20:58:23 by "java_re" with gcc 4.3.0 20080428 (Red Hat 4.3.0-8)

time: Sun Mar 23 22:24:08 2014
elapsed time: 14 seconds

